Doublon trouvé: E:\Me\IMGVD\Lieux - moments\Hourtin\Catamaran\DSC_0042.JPG - E:\Me\IMGVD\Lieux - moments\Hourtin\DSC_0042.JPG
Fichier supprimé : E:\Me\IMGVD\Lieux - moments\Hourtin\DSC_0042.JPG

Doublon trouvé: E:\Me\IMGVD\Lieux - moments\Hourtin\Catamaran\DSC_0043.JPG - E:\Me\IMGVD\Lieux - moments\Hourtin\DSC_0043.JPG
Fichier supprimé : E:\Me\IMGVD\Lieux - moments\Hourtin\DSC_0043.JPG

Doublon trouvé: E:\Me\IMGVD\Lieux - moments\Hourtin\Catamaran\DSC_0044.JPG - E:\Me\IMGVD\Lieux - moments\Hourtin\DSC_0044.JPG
Fichier supprimé : E:\Me\IMGVD\Lieux - moments\Hourtin\DSC_0044.JPG

Doublon trouvé: E:\Me\IMGVD\Lieux - moments\Hourtin\Catamaran\DSC_0045.JPG - E:\Me\IMGVD\Lieux - moments\Hourtin\DSC_0045.JPG
Fichier supprimé : E:\Me\IMGVD\Lieux - moments\Hourtin\DSC_0045.JPG

Doublon trouvé: E:\Me\IMGVD\Lieux - moments\Hourtin\Catamaran\DSC_0046.JPG - E:\Me\IMGVD\Lieux - moments\Hourtin\DSC_0046.JPG
Fichier supprimé : E:\Me\IMGVD\Lieux - moments\Hourtin\DSC_0046.JPG

Doublon trouvé: E:\Me\IMGVD\Lieux - moments\Hourtin\Catamaran\DSC_0047.JPG - E:\Me\IMGVD\Lieux - moments\Hourtin\DSC_0047.JPG
Fichier supprimé : E:\Me\IMGVD\Lieux - moments\Hourtin\DSC_0047.JPG

Doublon trouvé: E:\Me\IMGVD\Lieux - moments\Hourtin\Catamaran\DSC_0048.JPG - E:\Me\IMGVD\Lieux - moments\Hourtin\DSC_0048.JPG
Fichier supprimé : E:\Me\IMGVD\Lieux - moments\Hourtin\DSC_0048.JPG

Doublon trouvé: E:\Me\IMGVD\Lieux - moments\Hourtin\Catamaran\DSC_0049.JPG - E:\Me\IMGVD\Lieux - moments\Hourtin\DSC_0049.JPG
Fichier supprimé : E:\Me\IMGVD\Lieux - moments\Hourtin\DSC_0049.JPG

Doublon trouvé: E:\Me\IMGVD\Lieux - moments\Hourtin\Catamaran\DSC_0050.JPG - E:\Me\IMGVD\Lieux - moments\Hourtin\DSC_0050.JPG
Fichier supprimé : E:\Me\IMGVD\Lieux - moments\Hourtin\DSC_0050.JPG

Doublon trouvé: E:\Me\IMGVD\Lieux - moments\Hourtin\Catamaran\DSC_0051.JPG - E:\Me\IMGVD\Lieux - moments\Hourtin\DSC_0051.JPG
Fichier supprimé : E:\Me\IMGVD\Lieux - moments\Hourtin\DSC_0051.JPG

Doublon trouvé: E:\Me\IMGVD\Lieux - moments\Hourtin\Catamaran\DSC_0052.JPG - E:\Me\IMGVD\Lieux - moments\Hourtin\DSC_0052.JPG
Fichier supprimé : E:\Me\IMGVD\Lieux - moments\Hourtin\DSC_0052.JPG

Doublon trouvé: E:\Me\IMGVD\Lieux - moments\Hourtin\Catamaran\DSC_0053.JPG - E:\Me\IMGVD\Lieux - moments\Hourtin\DSC_0053.JPG
Fichier supprimé : E:\Me\IMGVD\Lieux - moments\Hourtin\DSC_0053.JPG

Doublon trouvé: E:\Me\IMGVD\Lieux - moments\Hourtin\Catamaran\DSC_0054.JPG - E:\Me\IMGVD\Lieux - moments\Hourtin\DSC_0054.JPG
Fichier supprimé : E:\Me\IMGVD\Lieux - moments\Hourtin\DSC_0054.JPG

Doublon trouvé: E:\Me\IMGVD\Lieux - moments\Hourtin\Catamaran\DSC_0055.JPG - E:\Me\IMGVD\Lieux - moments\Hourtin\DSC_0055.JPG
Fichier supprimé : E:\Me\IMGVD\Lieux - moments\Hourtin\DSC_0055.JPG

Doublon trouvé: E:\Me\IMGVD\Lieux - moments\Hourtin\Catamaran\DSC_0056.JPG - E:\Me\IMGVD\Lieux - moments\Hourtin\DSC_0056.JPG
Fichier supprimé : E:\Me\IMGVD\Lieux - moments\Hourtin\DSC_0056.JPG

Doublon trouvé: E:\Me\IMGVD\Lieux - moments\Hourtin\Catamaran\DSC_0057.JPG - E:\Me\IMGVD\Lieux - moments\Hourtin\DSC_0057.JPG
Fichier supprimé : E:\Me\IMGVD\Lieux - moments\Hourtin\DSC_0057.JPG

Doublon trouvé: E:\Me\IMGVD\Lieux - moments\Hourtin\Catamaran\DSC_0058.JPG - E:\Me\IMGVD\Lieux - moments\Hourtin\DSC_0058.JPG
Fichier supprimé : E:\Me\IMGVD\Lieux - moments\Hourtin\DSC_0058.JPG

Doublon trouvé: E:\Me\IMGVD\Lieux - moments\Hourtin\Catamaran\DSC_0059.JPG - E:\Me\IMGVD\Lieux - moments\Hourtin\DSC_0059.JPG
Fichier supprimé : E:\Me\IMGVD\Lieux - moments\Hourtin\DSC_0059.JPG

Doublon trouvé: E:\Me\IMGVD\Lieux - moments\Hourtin\Catamaran\DSC_0060.JPG - E:\Me\IMGVD\Lieux - moments\Hourtin\DSC_0060.JPG
Fichier supprimé : E:\Me\IMGVD\Lieux - moments\Hourtin\DSC_0060.JPG

Doublon trouvé: E:\Me\IMGVD\Lieux - moments\Hourtin\Catamaran\DSC_0061.JPG - E:\Me\IMGVD\Lieux - moments\Hourtin\DSC_0061.JPG
Fichier supprimé : E:\Me\IMGVD\Lieux - moments\Hourtin\DSC_0061.JPG

Doublon trouvé: E:\Me\IMGVD\Lieux - moments\Hourtin\Catamaran\DSC_0062.JPG - E:\Me\IMGVD\Lieux - moments\Hourtin\DSC_0062.JPG
Fichier supprimé : E:\Me\IMGVD\Lieux - moments\Hourtin\DSC_0062.JPG

Doublon trouvé: E:\Me\IMGVD\Lieux - moments\Hourtin\Catamaran\DSC_0063.JPG - E:\Me\IMGVD\Lieux - moments\Hourtin\DSC_0063.JPG
Fichier supprimé : E:\Me\IMGVD\Lieux - moments\Hourtin\DSC_0063.JPG

Doublon trouvé: E:\Me\IMGVD\Lieux - moments\Hourtin\Catamaran\DSC_0064.JPG - E:\Me\IMGVD\Lieux - moments\Hourtin\DSC_0064.JPG
Fichier supprimé : E:\Me\IMGVD\Lieux - moments\Hourtin\DSC_0064.JPG

Doublon trouvé: E:\Me\IMGVD\Lieux - moments\Hourtin\Catamaran\DSC_0065.JPG - E:\Me\IMGVD\Lieux - moments\Hourtin\DSC_0065.JPG
Fichier supprimé : E:\Me\IMGVD\Lieux - moments\Hourtin\DSC_0065.JPG

Doublon trouvé: E:\Me\IMGVD\Lieux - moments\Hourtin\Catamaran\DSC_0810.JPG - E:\Me\IMGVD\Lieux - moments\Hourtin\DSC_0810.JPG
Fichier supprimé : E:\Me\IMGVD\Lieux - moments\Hourtin\DSC_0810.JPG

Doublon trouvé: E:\Me\IMGVD\Lieux - moments\Hourtin\Catamaran\DSC_0811.JPG - E:\Me\IMGVD\Lieux - moments\Hourtin\DSC_0811.JPG
Fichier supprimé : E:\Me\IMGVD\Lieux - moments\Hourtin\DSC_0811.JPG

Doublon trouvé: E:\Me\IMGVD\Lieux - moments\Hourtin\Catamaran\DSC_0812.JPG - E:\Me\IMGVD\Lieux - moments\Hourtin\DSC_0812.JPG
Fichier supprimé : E:\Me\IMGVD\Lieux - moments\Hourtin\DSC_0812.JPG

Doublon trouvé: E:\Me\IMGVD\Lieux - moments\Hourtin\Catamaran\DSC_0813.JPG - E:\Me\IMGVD\Lieux - moments\Hourtin\DSC_0813.JPG
Fichier supprimé : E:\Me\IMGVD\Lieux - moments\Hourtin\DSC_0813.JPG

Doublon trouvé: E:\Me\IMGVD\Lieux - moments\Hourtin\Catamaran\DSC_0814.JPG - E:\Me\IMGVD\Lieux - moments\Hourtin\DSC_0814.JPG
Fichier supprimé : E:\Me\IMGVD\Lieux - moments\Hourtin\DSC_0814.JPG

Doublon trouvé: E:\Me\IMGVD\Lieux - moments\Hourtin\Catamaran\DSC_0815.JPG - E:\Me\IMGVD\Lieux - moments\Hourtin\DSC_0815.JPG
Fichier supprimé : E:\Me\IMGVD\Lieux - moments\Hourtin\DSC_0815.JPG

Doublon trouvé: E:\Me\IMGVD\Lieux - moments\Hourtin\Catamaran\DSC_0816.JPG - E:\Me\IMGVD\Lieux - moments\Hourtin\DSC_0816.JPG
Fichier supprimé : E:\Me\IMGVD\Lieux - moments\Hourtin\DSC_0816.JPG

Doublon trouvé: E:\Me\IMGVD\Lieux - moments\Hourtin\Catamaran\DSC_0817.JPG - E:\Me\IMGVD\Lieux - moments\Hourtin\DSC_0817.JPG
Fichier supprimé : E:\Me\IMGVD\Lieux - moments\Hourtin\DSC_0817.JPG

Doublon trouvé: E:\Me\IMGVD\Lieux - moments\Hourtin\Catamaran\DSC_0819.JPG - E:\Me\IMGVD\Lieux - moments\Hourtin\DSC_0819.JPG
Fichier supprimé : E:\Me\IMGVD\Lieux - moments\Hourtin\DSC_0819.JPG

Doublon trouvé: E:\Me\IMGVD\Lieux - moments\Hourtin\Catamaran\DSC_0820.JPG - E:\Me\IMGVD\Lieux - moments\Hourtin\DSC_0820.JPG
Fichier supprimé : E:\Me\IMGVD\Lieux - moments\Hourtin\DSC_0820.JPG

Doublon trouvé: E:\Me\IMGVD\Lieux - moments\Hourtin\Catamaran\DSC_0821.JPG - E:\Me\IMGVD\Lieux - moments\Hourtin\DSC_0821.JPG
Fichier supprimé : E:\Me\IMGVD\Lieux - moments\Hourtin\DSC_0821.JPG

Doublon trouvé: E:\Me\IMGVD\Lieux - moments\Hourtin\Catamaran\DSC_0822.JPG - E:\Me\IMGVD\Lieux - moments\Hourtin\DSC_0822.JPG
Fichier supprimé : E:\Me\IMGVD\Lieux - moments\Hourtin\DSC_0822.JPG

Doublon trouvé: E:\Me\IMGVD\Lieux - moments\Hourtin\Catamaran\DSC_0823.JPG - E:\Me\IMGVD\Lieux - moments\Hourtin\DSC_0823.JPG
Fichier supprimé : E:\Me\IMGVD\Lieux - moments\Hourtin\DSC_0823.JPG

Doublon trouvé: E:\Me\IMGVD\Lieux - moments\Hourtin\Catamaran\DSC_0824.JPG - E:\Me\IMGVD\Lieux - moments\Hourtin\DSC_0824.JPG
Fichier supprimé : E:\Me\IMGVD\Lieux - moments\Hourtin\DSC_0824.JPG

Doublon trouvé: E:\Me\IMGVD\Lieux - moments\Hourtin\Catamaran\DSC_0825.JPG - E:\Me\IMGVD\Lieux - moments\Hourtin\DSC_0825.JPG
Fichier supprimé : E:\Me\IMGVD\Lieux - moments\Hourtin\DSC_0825.JPG

Doublon trouvé: E:\Me\IMGVD\Lieux - moments\Hourtin\Catamaran\DSC_0826.JPG - E:\Me\IMGVD\Lieux - moments\Hourtin\DSC_0826.JPG
Fichier supprimé : E:\Me\IMGVD\Lieux - moments\Hourtin\DSC_0826.JPG

Doublon trouvé: E:\Me\IMGVD\Lieux - moments\Hourtin\Catamaran\DSC_0827.JPG - E:\Me\IMGVD\Lieux - moments\Hourtin\DSC_0827.JPG
Fichier supprimé : E:\Me\IMGVD\Lieux - moments\Hourtin\DSC_0827.JPG

Doublon trouvé: E:\Me\IMGVD\Lieux - moments\Hourtin\Catamaran\DSC_0837.JPG - E:\Me\IMGVD\Lieux - moments\Hourtin\DSC_0837.JPG
Fichier supprimé : E:\Me\IMGVD\Lieux - moments\Hourtin\DSC_0837.JPG

Doublon trouvé: E:\Me\IMGVD\Lieux - moments\Hourtin\Catamaran\DSC_0838.JPG - E:\Me\IMGVD\Lieux - moments\Hourtin\DSC_0838.JPG
Fichier supprimé : E:\Me\IMGVD\Lieux - moments\Hourtin\DSC_0838.JPG

Doublon trouvé: E:\Me\IMGVD\Lieux - moments\Hourtin\Catamaran\DSC_0839.JPG - E:\Me\IMGVD\Lieux - moments\Hourtin\DSC_0839.JPG
Fichier supprimé : E:\Me\IMGVD\Lieux - moments\Hourtin\DSC_0839.JPG

Doublon trouvé: E:\Me\IMGVD\Lieux - moments\Hourtin\Catamaran\DSC_0840.JPG - E:\Me\IMGVD\Lieux - moments\Hourtin\DSC_0840.JPG
Fichier supprimé : E:\Me\IMGVD\Lieux - moments\Hourtin\DSC_0840.JPG

Doublon trouvé: E:\Me\IMGVD\Lieux - moments\Hourtin\Catamaran\DSC_0841.JPG - E:\Me\IMGVD\Lieux - moments\Hourtin\DSC_0841.JPG
Fichier supprimé : E:\Me\IMGVD\Lieux - moments\Hourtin\DSC_0841.JPG

Doublon trouvé: E:\Me\IMGVD\Lieux - moments\Hourtin\Catamaran\DSC_0842.JPG - E:\Me\IMGVD\Lieux - moments\Hourtin\DSC_0842.JPG
Fichier supprimé : E:\Me\IMGVD\Lieux - moments\Hourtin\DSC_0842.JPG

Doublon trouvé: E:\Me\IMGVD\Lieux - moments\Hourtin\Catamaran\DSC_0843.JPG - E:\Me\IMGVD\Lieux - moments\Hourtin\DSC_0843.JPG
Fichier supprimé : E:\Me\IMGVD\Lieux - moments\Hourtin\DSC_0843.JPG

Doublon trouvé: E:\Me\IMGVD\Lieux - moments\Hourtin\Catamaran\DSC_0844.JPG - E:\Me\IMGVD\Lieux - moments\Hourtin\DSC_0844.JPG
Fichier supprimé : E:\Me\IMGVD\Lieux - moments\Hourtin\DSC_0844.JPG

Doublon trouvé: E:\Me\IMGVD\Lieux - moments\Hourtin\Catamaran\DSC_0845.JPG - E:\Me\IMGVD\Lieux - moments\Hourtin\DSC_0845.JPG
Fichier supprimé : E:\Me\IMGVD\Lieux - moments\Hourtin\DSC_0845.JPG

Doublon trouvé: E:\Me\IMGVD\Lieux - moments\Hourtin\Catamaran\DSC_0846.JPG - E:\Me\IMGVD\Lieux - moments\Hourtin\DSC_0846.JPG
Fichier supprimé : E:\Me\IMGVD\Lieux - moments\Hourtin\DSC_0846.JPG

Doublon trouvé: E:\Me\IMGVD\Lieux - moments\Hourtin\Catamaran\DSC_0847.JPG - E:\Me\IMGVD\Lieux - moments\Hourtin\DSC_0847.JPG
Fichier supprimé : E:\Me\IMGVD\Lieux - moments\Hourtin\DSC_0847.JPG

Doublon trouvé: E:\Me\IMGVD\Lieux - moments\Hourtin\Catamaran\DSC_0848.JPG - E:\Me\IMGVD\Lieux - moments\Hourtin\DSC_0848.JPG
Fichier supprimé : E:\Me\IMGVD\Lieux - moments\Hourtin\DSC_0848.JPG

Doublon trouvé: E:\Me\IMGVD\Lieux - moments\Hourtin\Catamaran\DSC_0849.JPG - E:\Me\IMGVD\Lieux - moments\Hourtin\DSC_0849.JPG
Fichier supprimé : E:\Me\IMGVD\Lieux - moments\Hourtin\DSC_0849.JPG

Doublon trouvé: E:\Me\IMGVD\Lieux - moments\Hourtin\Catamaran\DSC_0850.JPG - E:\Me\IMGVD\Lieux - moments\Hourtin\DSC_0850.JPG
Fichier supprimé : E:\Me\IMGVD\Lieux - moments\Hourtin\DSC_0850.JPG

Doublon trouvé: E:\Me\IMGVD\Lieux - moments\Hourtin\Catamaran\DSC_0851.JPG - E:\Me\IMGVD\Lieux - moments\Hourtin\DSC_0851.JPG
Fichier supprimé : E:\Me\IMGVD\Lieux - moments\Hourtin\DSC_0851.JPG

Doublon trouvé: E:\Me\IMGVD\Lieux - moments\Hourtin\Catamaran\DSC_0852.JPG - E:\Me\IMGVD\Lieux - moments\Hourtin\DSC_0852.JPG
Fichier supprimé : E:\Me\IMGVD\Lieux - moments\Hourtin\DSC_0852.JPG

Doublon trouvé: E:\Me\IMGVD\Lieux - moments\Hourtin\Catamaran\DSC_0853.JPG - E:\Me\IMGVD\Lieux - moments\Hourtin\DSC_0853.JPG
Fichier supprimé : E:\Me\IMGVD\Lieux - moments\Hourtin\DSC_0853.JPG

Doublon trouvé: E:\Me\IMGVD\Lieux - moments\Hourtin\Catamaran\DSC_0860.JPG - E:\Me\IMGVD\Lieux - moments\Hourtin\DSC_0860.JPG
Fichier supprimé : E:\Me\IMGVD\Lieux - moments\Hourtin\DSC_0860.JPG

Doublon trouvé: E:\Me\IMGVD\Lieux - moments\Hourtin\Catamaran\DSC_0861.JPG - E:\Me\IMGVD\Lieux - moments\Hourtin\DSC_0861.JPG
Fichier supprimé : E:\Me\IMGVD\Lieux - moments\Hourtin\DSC_0861.JPG

Doublon trouvé: E:\Me\IMGVD\Lieux - moments\Hourtin\Catamaran\DSC_0862.JPG - E:\Me\IMGVD\Lieux - moments\Hourtin\DSC_0862.JPG
Fichier supprimé : E:\Me\IMGVD\Lieux - moments\Hourtin\DSC_0862.JPG

Doublon trouvé: E:\Me\IMGVD\Lieux - moments\Hourtin\Catamaran\DSC_0863.JPG - E:\Me\IMGVD\Lieux - moments\Hourtin\DSC_0863.JPG
Fichier supprimé : E:\Me\IMGVD\Lieux - moments\Hourtin\DSC_0863.JPG

Doublon trouvé: E:\Me\IMGVD\Lieux - moments\Hourtin\Catamaran\DSC_0864.JPG - E:\Me\IMGVD\Lieux - moments\Hourtin\DSC_0864.JPG
Fichier supprimé : E:\Me\IMGVD\Lieux - moments\Hourtin\DSC_0864.JPG

Doublon trouvé: E:\Me\IMGVD\Lieux - moments\Hourtin\Catamaran\DSC_0865.JPG - E:\Me\IMGVD\Lieux - moments\Hourtin\DSC_0865.JPG
Fichier supprimé : E:\Me\IMGVD\Lieux - moments\Hourtin\DSC_0865.JPG

Doublon trouvé: E:\Me\IMGVD\Lieux - moments\Hourtin\Catamaran\DSC_0866.JPG - E:\Me\IMGVD\Lieux - moments\Hourtin\DSC_0866.JPG
Fichier supprimé : E:\Me\IMGVD\Lieux - moments\Hourtin\DSC_0866.JPG

Doublon trouvé: E:\Me\IMGVD\Lieux - moments\Hourtin\Catamaran\DSC_0867.JPG - E:\Me\IMGVD\Lieux - moments\Hourtin\DSC_0867.JPG
Fichier supprimé : E:\Me\IMGVD\Lieux - moments\Hourtin\DSC_0867.JPG

Doublon trouvé: E:\Me\IMGVD\Lieux - moments\Hourtin\Catamaran\DSC_0868.JPG - E:\Me\IMGVD\Lieux - moments\Hourtin\DSC_0868.JPG
Fichier supprimé : E:\Me\IMGVD\Lieux - moments\Hourtin\DSC_0868.JPG

Doublon trouvé: E:\Me\IMGVD\Lieux - moments\Hourtin\Catamaran\DSC_0869.JPG - E:\Me\IMGVD\Lieux - moments\Hourtin\DSC_0869.JPG
Fichier supprimé : E:\Me\IMGVD\Lieux - moments\Hourtin\DSC_0869.JPG

Doublon trouvé: E:\Me\IMGVD\Lieux - moments\Hourtin\Catamaran\DSC_0870.JPG - E:\Me\IMGVD\Lieux - moments\Hourtin\DSC_0870.JPG
Fichier supprimé : E:\Me\IMGVD\Lieux - moments\Hourtin\DSC_0870.JPG

Doublon trouvé: E:\Me\IMGVD\Lieux - moments\Hourtin\Catamaran\DSC_0871.JPG - E:\Me\IMGVD\Lieux - moments\Hourtin\DSC_0871.JPG
Fichier supprimé : E:\Me\IMGVD\Lieux - moments\Hourtin\DSC_0871.JPG

Doublon trouvé: E:\Me\IMGVD\Lieux - moments\Hourtin\Catamaran\DSC_0872.JPG - E:\Me\IMGVD\Lieux - moments\Hourtin\DSC_0872.JPG
Fichier supprimé : E:\Me\IMGVD\Lieux - moments\Hourtin\DSC_0872.JPG

Doublon trouvé: E:\Me\IMGVD\Lieux - moments\Hourtin\Catamaran\DSC_0901.JPG - E:\Me\IMGVD\Lieux - moments\Hourtin\DSC_0901.JPG
Fichier supprimé : E:\Me\IMGVD\Lieux - moments\Hourtin\DSC_0901.JPG

Doublon trouvé: E:\Me\IMGVD\Lieux - moments\Hourtin\Catamaran\DSC_0902.JPG - E:\Me\IMGVD\Lieux - moments\Hourtin\DSC_0902.JPG
Fichier supprimé : E:\Me\IMGVD\Lieux - moments\Hourtin\DSC_0902.JPG

Doublon trouvé: E:\Me\IMGVD\Lieux - moments\Hourtin\Catamaran\DSC_0903.JPG - E:\Me\IMGVD\Lieux - moments\Hourtin\DSC_0903.JPG
Fichier supprimé : E:\Me\IMGVD\Lieux - moments\Hourtin\DSC_0903.JPG

Doublon trouvé: E:\Me\IMGVD\Lieux - moments\Hourtin\Catamaran\DSC_0904.JPG - E:\Me\IMGVD\Lieux - moments\Hourtin\DSC_0904.JPG
Fichier supprimé : E:\Me\IMGVD\Lieux - moments\Hourtin\DSC_0904.JPG

Doublon trouvé: E:\Me\IMGVD\Lieux - moments\Hourtin\Catamaran\DSC_0905.JPG - E:\Me\IMGVD\Lieux - moments\Hourtin\DSC_0905.JPG
Fichier supprimé : E:\Me\IMGVD\Lieux - moments\Hourtin\DSC_0905.JPG

Doublon trouvé: E:\Me\IMGVD\Lieux - moments\Hourtin\Catamaran\DSC_0906.JPG - E:\Me\IMGVD\Lieux - moments\Hourtin\DSC_0906.JPG
Fichier supprimé : E:\Me\IMGVD\Lieux - moments\Hourtin\DSC_0906.JPG

Doublon trouvé: E:\Me\IMGVD\Lieux - moments\Paris\ESIEA\Jason\DSC00013.JPG - E:\Me\IMGVD\Lieux - moments\Paris\ESIEA\Antoine\DSC00013.JPG
Il faut choisir entre les deux fichiers : E:\Me\IMGVD\Lieux - moments\Paris\ESIEA\Jason\DSC00013.JPG - E:\Me\IMGVD\Lieux - moments\Paris\ESIEA\Antoine\DSC00013.JPG

Doublon trouvé: E:\Me\IMGVD\Lieux - moments\Paris\ESIEA\Jason\DSC00014.JPG - E:\Me\IMGVD\Lieux - moments\Paris\ESIEA\Antoine\DSC00014.JPG
Il faut choisir entre les deux fichiers : E:\Me\IMGVD\Lieux - moments\Paris\ESIEA\Jason\DSC00014.JPG - E:\Me\IMGVD\Lieux - moments\Paris\ESIEA\Antoine\DSC00014.JPG

Doublon trouvé: E:\Me\IMGVD\Lieux - moments\Paris\ESIEA\Jason\DSC00015.JPG - E:\Me\IMGVD\Lieux - moments\Paris\ESIEA\Antoine\DSC00015.JPG
Il faut choisir entre les deux fichiers : E:\Me\IMGVD\Lieux - moments\Paris\ESIEA\Jason\DSC00015.JPG - E:\Me\IMGVD\Lieux - moments\Paris\ESIEA\Antoine\DSC00015.JPG

Doublon trouvé: E:\Me\IMGVD\Lieux - moments\Paris\Japan expo 2019\IMG_20190704_121447.jpg - E:\Me\IMGVD\Lieux - moments\Paris\Japan expo 2017\IMG_20190704_121447.jpg
Il faut choisir entre les deux fichiers : E:\Me\IMGVD\Lieux - moments\Paris\Japan expo 2019\IMG_20190704_121447.jpg - E:\Me\IMGVD\Lieux - moments\Paris\Japan expo 2017\IMG_20190704_121447.jpg

Doublon trouvé: E:\Me\IMGVD\Lieux - moments\Paris\Japan expo 2019\IMG_20190704_121516.jpg - E:\Me\IMGVD\Lieux - moments\Paris\Japan expo 2017\IMG_20190704_121516.jpg
Il faut choisir entre les deux fichiers : E:\Me\IMGVD\Lieux - moments\Paris\Japan expo 2019\IMG_20190704_121516.jpg - E:\Me\IMGVD\Lieux - moments\Paris\Japan expo 2017\IMG_20190704_121516.jpg

Doublon trouvé: E:\Me\IMGVD\Lieux - moments\Paris\Japan expo 2019\IMG_20190705_114917.jpg - E:\Me\IMGVD\Lieux - moments\Paris\Japan expo 2017\IMG_20190705_114917.jpg
Il faut choisir entre les deux fichiers : E:\Me\IMGVD\Lieux - moments\Paris\Japan expo 2019\IMG_20190705_114917.jpg - E:\Me\IMGVD\Lieux - moments\Paris\Japan expo 2017\IMG_20190705_114917.jpg

Doublon trouvé: E:\Me\IMGVD\Lieux - moments\Paris\Japan expo 2019\IMG_20190705_120036.jpg - E:\Me\IMGVD\Lieux - moments\Paris\Japan expo 2017\IMG_20190705_120036.jpg
Il faut choisir entre les deux fichiers : E:\Me\IMGVD\Lieux - moments\Paris\Japan expo 2019\IMG_20190705_120036.jpg - E:\Me\IMGVD\Lieux - moments\Paris\Japan expo 2017\IMG_20190705_120036.jpg

Doublon trouvé: E:\Me\IMGVD\Lieux - moments\Paris\Japan expo 2019\IMG_20190705_121331.jpg - E:\Me\IMGVD\Lieux - moments\Paris\Japan expo 2017\IMG_20190705_121331.jpg
Il faut choisir entre les deux fichiers : E:\Me\IMGVD\Lieux - moments\Paris\Japan expo 2019\IMG_20190705_121331.jpg - E:\Me\IMGVD\Lieux - moments\Paris\Japan expo 2017\IMG_20190705_121331.jpg

Doublon trouvé: E:\Me\IMGVD\Lieux - moments\Paris\Japan expo 2019\IMG_20190705_122522.jpg - E:\Me\IMGVD\Lieux - moments\Paris\Japan expo 2017\IMG_20190705_122522.jpg
Il faut choisir entre les deux fichiers : E:\Me\IMGVD\Lieux - moments\Paris\Japan expo 2019\IMG_20190705_122522.jpg - E:\Me\IMGVD\Lieux - moments\Paris\Japan expo 2017\IMG_20190705_122522.jpg

Doublon trouvé: E:\Me\IMGVD\Lieux - moments\Paris\Japan expo 2019\IMG_20190705_123158.jpg - E:\Me\IMGVD\Lieux - moments\Paris\Japan expo 2017\IMG_20190705_123158.jpg
Il faut choisir entre les deux fichiers : E:\Me\IMGVD\Lieux - moments\Paris\Japan expo 2019\IMG_20190705_123158.jpg - E:\Me\IMGVD\Lieux - moments\Paris\Japan expo 2017\IMG_20190705_123158.jpg

Doublon trouvé: E:\Me\IMGVD\Lieux - moments\Paris\Japan expo 2019\IMG_20190706_163111.jpg - E:\Me\IMGVD\Lieux - moments\Paris\Japan expo 2017\IMG_20190706_163111.jpg
Il faut choisir entre les deux fichiers : E:\Me\IMGVD\Lieux - moments\Paris\Japan expo 2019\IMG_20190706_163111.jpg - E:\Me\IMGVD\Lieux - moments\Paris\Japan expo 2017\IMG_20190706_163111.jpg

Doublon trouvé: E:\Me\IMGVD\Lieux - moments\Paris\Japan expo 2019\IMG_20190706_182101.jpg - E:\Me\IMGVD\Lieux - moments\Paris\Japan expo 2017\IMG_20190706_182101.jpg
Il faut choisir entre les deux fichiers : E:\Me\IMGVD\Lieux - moments\Paris\Japan expo 2019\IMG_20190706_182101.jpg - E:\Me\IMGVD\Lieux - moments\Paris\Japan expo 2017\IMG_20190706_182101.jpg

Doublon trouvé: E:\Me\IMGVD\Lieux - moments\Paris\Japan expo 2019\IMG_20190707_144908.jpg - E:\Me\IMGVD\Lieux - moments\Paris\Japan expo 2017\IMG_20190707_144908.jpg
Il faut choisir entre les deux fichiers : E:\Me\IMGVD\Lieux - moments\Paris\Japan expo 2019\IMG_20190707_144908.jpg - E:\Me\IMGVD\Lieux - moments\Paris\Japan expo 2017\IMG_20190707_144908.jpg

Doublon trouvé: E:\Me\IMGVD\Lieux - moments\Poitier\IMG_1495.png - E:\Me\IMGVD\Lieux - moments\Paris\Disneyland 2019\PHOTO.png
Fichier supprimé : E:\Me\IMGVD\Lieux - moments\Poitier\IMG_1495.png

Doublon trouvé: E:\Me\IMGVD\Lieux - moments\Saint-Nazaire\20191005_100324.jpg - E:\Me\IMGVD\Lieux - moments\Brest\20191005_100324.jpg
Il faut choisir entre les deux fichiers : E:\Me\IMGVD\Lieux - moments\Saint-Nazaire\20191005_100324.jpg - E:\Me\IMGVD\Lieux - moments\Brest\20191005_100324.jpg

Doublon trouvé: E:\Me\IMGVD\Lieux - moments\Saint-Nazaire\20191005_100520.jpg - E:\Me\IMGVD\Lieux - moments\Brest\20191005_100520.jpg
Il faut choisir entre les deux fichiers : E:\Me\IMGVD\Lieux - moments\Saint-Nazaire\20191005_100520.jpg - E:\Me\IMGVD\Lieux - moments\Brest\20191005_100520.jpg

Doublon trouvé: E:\Me\IMGVD\Lieux - moments\Saint-Nazaire\CPGE TSI\20190911_223515.jpg - E:\Me\IMGVD\Lieux - moments\Saint-Nazaire\CPGE TSI\20190911_223515 (1).jpg
Il faut choisir entre les deux fichiers : E:\Me\IMGVD\Lieux - moments\Saint-Nazaire\CPGE TSI\20190911_223515.jpg - E:\Me\IMGVD\Lieux - moments\Saint-Nazaire\CPGE TSI\20190911_223515 (1).jpg

Doublon trouvé: E:\Me\IMGVD\Lieux - moments\Saint-Nazaire\CPGE TSI\20190911_223526.jpg - E:\Me\IMGVD\Lieux - moments\Saint-Nazaire\CPGE TSI\20190911_223526 (1).jpg
Il faut choisir entre les deux fichiers : E:\Me\IMGVD\Lieux - moments\Saint-Nazaire\CPGE TSI\20190911_223526.jpg - E:\Me\IMGVD\Lieux - moments\Saint-Nazaire\CPGE TSI\20190911_223526 (1).jpg

Doublon trouvé: E:\Me\IMGVD\Lieux - moments\Saint-Nazaire\CPGE TSI\20190911_223529.jpg - E:\Me\IMGVD\Lieux - moments\Saint-Nazaire\CPGE TSI\20190911_223529 (1).jpg
Il faut choisir entre les deux fichiers : E:\Me\IMGVD\Lieux - moments\Saint-Nazaire\CPGE TSI\20190911_223529.jpg - E:\Me\IMGVD\Lieux - moments\Saint-Nazaire\CPGE TSI\20190911_223529 (1).jpg

Doublon trouvé: E:\Me\IMGVD\Lieux - moments\Seoul\100MSDCF\Part1\DSC00098.ARW - E:\Me\IMGVD\Lieux - moments\Seoul\100MSDCF\DSC00098.ARW
Fichier supprimé : E:\Me\IMGVD\Lieux - moments\Seoul\100MSDCF\DSC00098.ARW

Doublon trouvé: E:\Me\IMGVD\Lieux - moments\Seoul\100MSDCF\Part1\DSC00099.ARW - E:\Me\IMGVD\Lieux - moments\Seoul\100MSDCF\DSC00099.ARW
Fichier supprimé : E:\Me\IMGVD\Lieux - moments\Seoul\100MSDCF\DSC00099.ARW

Doublon trouvé: E:\Me\IMGVD\Lieux - moments\Seoul\100MSDCF\Part1\DSC00100.ARW - E:\Me\IMGVD\Lieux - moments\Seoul\100MSDCF\DSC00100.ARW
Fichier supprimé : E:\Me\IMGVD\Lieux - moments\Seoul\100MSDCF\DSC00100.ARW

Doublon trouvé: E:\Me\IMGVD\Lieux - moments\Seoul\100MSDCF\Part1\DSC00101.ARW - E:\Me\IMGVD\Lieux - moments\Seoul\100MSDCF\DSC00101.ARW
Fichier supprimé : E:\Me\IMGVD\Lieux - moments\Seoul\100MSDCF\DSC00101.ARW

Doublon trouvé: E:\Me\IMGVD\Lieux - moments\Seoul\100MSDCF\Part1\DSC00102.ARW - E:\Me\IMGVD\Lieux - moments\Seoul\100MSDCF\DSC00102.ARW
Fichier supprimé : E:\Me\IMGVD\Lieux - moments\Seoul\100MSDCF\DSC00102.ARW

Doublon trouvé: E:\Me\IMGVD\Lieux - moments\Seoul\100MSDCF\Part1\DSC00103.ARW - E:\Me\IMGVD\Lieux - moments\Seoul\100MSDCF\DSC00103.ARW
Fichier supprimé : E:\Me\IMGVD\Lieux - moments\Seoul\100MSDCF\DSC00103.ARW

Doublon trouvé: E:\Me\IMGVD\Lieux - moments\Seoul\100MSDCF\Part1\DSC00104.ARW - E:\Me\IMGVD\Lieux - moments\Seoul\100MSDCF\DSC00104.ARW
Fichier supprimé : E:\Me\IMGVD\Lieux - moments\Seoul\100MSDCF\DSC00104.ARW

Doublon trouvé: E:\Me\IMGVD\Lieux - moments\Seoul\100MSDCF\Part1\DSC00105.ARW - E:\Me\IMGVD\Lieux - moments\Seoul\100MSDCF\DSC00105.ARW
Fichier supprimé : E:\Me\IMGVD\Lieux - moments\Seoul\100MSDCF\DSC00105.ARW

Doublon trouvé: E:\Me\IMGVD\Lieux - moments\Seoul\100MSDCF\Part1\DSC00106.ARW - E:\Me\IMGVD\Lieux - moments\Seoul\100MSDCF\DSC00106.ARW
Fichier supprimé : E:\Me\IMGVD\Lieux - moments\Seoul\100MSDCF\DSC00106.ARW

Doublon trouvé: E:\Me\IMGVD\Lieux - moments\Seoul\100MSDCF\Part1\DSC00107.ARW - E:\Me\IMGVD\Lieux - moments\Seoul\100MSDCF\DSC00107.ARW
Fichier supprimé : E:\Me\IMGVD\Lieux - moments\Seoul\100MSDCF\DSC00107.ARW

Doublon trouvé: E:\Me\IMGVD\Lieux - moments\Seoul\100MSDCF\Part1\DSC00108.ARW - E:\Me\IMGVD\Lieux - moments\Seoul\100MSDCF\DSC00108.ARW
Fichier supprimé : E:\Me\IMGVD\Lieux - moments\Seoul\100MSDCF\DSC00108.ARW

Doublon trouvé: E:\Me\IMGVD\Lieux - moments\Seoul\100MSDCF\Part1\DSC00109.ARW - E:\Me\IMGVD\Lieux - moments\Seoul\100MSDCF\DSC00109.ARW
Fichier supprimé : E:\Me\IMGVD\Lieux - moments\Seoul\100MSDCF\DSC00109.ARW

Doublon trouvé: E:\Me\IMGVD\Lieux - moments\Seoul\100MSDCF\Part1\DSC00110.ARW - E:\Me\IMGVD\Lieux - moments\Seoul\100MSDCF\DSC00110.ARW
Fichier supprimé : E:\Me\IMGVD\Lieux - moments\Seoul\100MSDCF\DSC00110.ARW

Doublon trouvé: E:\Me\IMGVD\Lieux - moments\Seoul\100MSDCF\Part1\DSC00111.ARW - E:\Me\IMGVD\Lieux - moments\Seoul\100MSDCF\DSC00111.ARW
Fichier supprimé : E:\Me\IMGVD\Lieux - moments\Seoul\100MSDCF\DSC00111.ARW

Doublon trouvé: E:\Me\IMGVD\Lieux - moments\Seoul\100MSDCF\Part1\DSC00112.ARW - E:\Me\IMGVD\Lieux - moments\Seoul\100MSDCF\DSC00112.ARW
Fichier supprimé : E:\Me\IMGVD\Lieux - moments\Seoul\100MSDCF\DSC00112.ARW

Doublon trouvé: E:\Me\IMGVD\Lieux - moments\Seoul\100MSDCF\Part1\DSC00113.ARW - E:\Me\IMGVD\Lieux - moments\Seoul\100MSDCF\DSC00113.ARW
Fichier supprimé : E:\Me\IMGVD\Lieux - moments\Seoul\100MSDCF\DSC00113.ARW

Doublon trouvé: E:\Me\IMGVD\Lieux - moments\Seoul\100MSDCF\Part1\DSC00114.ARW - E:\Me\IMGVD\Lieux - moments\Seoul\100MSDCF\DSC00114.ARW
Fichier supprimé : E:\Me\IMGVD\Lieux - moments\Seoul\100MSDCF\DSC00114.ARW

Doublon trouvé: E:\Me\IMGVD\Lieux - moments\Seoul\100MSDCF\Part1\DSC00115.ARW - E:\Me\IMGVD\Lieux - moments\Seoul\100MSDCF\DSC00115.ARW
Fichier supprimé : E:\Me\IMGVD\Lieux - moments\Seoul\100MSDCF\DSC00115.ARW

Doublon trouvé: E:\Me\IMGVD\Lieux - moments\Seoul\100MSDCF\Part1\DSC00116.ARW - E:\Me\IMGVD\Lieux - moments\Seoul\100MSDCF\DSC00116.ARW
Fichier supprimé : E:\Me\IMGVD\Lieux - moments\Seoul\100MSDCF\DSC00116.ARW

Doublon trouvé: E:\Me\IMGVD\Lieux - moments\Seoul\100MSDCF\Part1\DSC00117.ARW - E:\Me\IMGVD\Lieux - moments\Seoul\100MSDCF\DSC00117.ARW
Fichier supprimé : E:\Me\IMGVD\Lieux - moments\Seoul\100MSDCF\DSC00117.ARW

Doublon trouvé: E:\Me\IMGVD\Lieux - moments\Seoul\100MSDCF\Part1\DSC00118.ARW - E:\Me\IMGVD\Lieux - moments\Seoul\100MSDCF\DSC00118.ARW
Fichier supprimé : E:\Me\IMGVD\Lieux - moments\Seoul\100MSDCF\DSC00118.ARW

Doublon trouvé: E:\Me\IMGVD\Lieux - moments\Seoul\100MSDCF\Part1\DSC00119.ARW - E:\Me\IMGVD\Lieux - moments\Seoul\100MSDCF\DSC00119.ARW
Fichier supprimé : E:\Me\IMGVD\Lieux - moments\Seoul\100MSDCF\DSC00119.ARW

Doublon trouvé: E:\Me\IMGVD\Lieux - moments\Seoul\100MSDCF\Part1\DSC00120.ARW - E:\Me\IMGVD\Lieux - moments\Seoul\100MSDCF\DSC00120.ARW
Fichier supprimé : E:\Me\IMGVD\Lieux - moments\Seoul\100MSDCF\DSC00120.ARW

Doublon trouvé: E:\Me\IMGVD\Lieux - moments\Seoul\100MSDCF\Part1\DSC00121.ARW - E:\Me\IMGVD\Lieux - moments\Seoul\100MSDCF\DSC00121.ARW
Fichier supprimé : E:\Me\IMGVD\Lieux - moments\Seoul\100MSDCF\DSC00121.ARW

Doublon trouvé: E:\Me\IMGVD\Lieux - moments\Seoul\100MSDCF\Part1\DSC00122.ARW - E:\Me\IMGVD\Lieux - moments\Seoul\100MSDCF\DSC00122.ARW
Fichier supprimé : E:\Me\IMGVD\Lieux - moments\Seoul\100MSDCF\DSC00122.ARW

Doublon trouvé: E:\Me\IMGVD\Lieux - moments\Seoul\100MSDCF\Part1\DSC00123.ARW - E:\Me\IMGVD\Lieux - moments\Seoul\100MSDCF\DSC00123.ARW
Fichier supprimé : E:\Me\IMGVD\Lieux - moments\Seoul\100MSDCF\DSC00123.ARW

Doublon trouvé: E:\Me\IMGVD\Lieux - moments\Seoul\100MSDCF\Part1\DSC00124.ARW - E:\Me\IMGVD\Lieux - moments\Seoul\100MSDCF\DSC00124.ARW
Fichier supprimé : E:\Me\IMGVD\Lieux - moments\Seoul\100MSDCF\DSC00124.ARW

Doublon trouvé: E:\Me\IMGVD\Lieux - moments\Seoul\100MSDCF\Part1\DSC00125.ARW - E:\Me\IMGVD\Lieux - moments\Seoul\100MSDCF\DSC00125.ARW
Fichier supprimé : E:\Me\IMGVD\Lieux - moments\Seoul\100MSDCF\DSC00125.ARW

Doublon trouvé: E:\Me\IMGVD\Lieux - moments\Seoul\100MSDCF\Part1\DSC00126.ARW - E:\Me\IMGVD\Lieux - moments\Seoul\100MSDCF\DSC00126.ARW
Fichier supprimé : E:\Me\IMGVD\Lieux - moments\Seoul\100MSDCF\DSC00126.ARW

Doublon trouvé: E:\Me\IMGVD\Lieux - moments\Seoul\100MSDCF\Part1\DSC00127.ARW - E:\Me\IMGVD\Lieux - moments\Seoul\100MSDCF\DSC00127.ARW
Fichier supprimé : E:\Me\IMGVD\Lieux - moments\Seoul\100MSDCF\DSC00127.ARW

Doublon trouvé: E:\Me\IMGVD\Lieux - moments\Seoul\100MSDCF\Part1\DSC00128.ARW - E:\Me\IMGVD\Lieux - moments\Seoul\100MSDCF\DSC00128.ARW
Fichier supprimé : E:\Me\IMGVD\Lieux - moments\Seoul\100MSDCF\DSC00128.ARW

Doublon trouvé: E:\Me\IMGVD\Lieux - moments\Seoul\100MSDCF\Part1\DSC00129.ARW - E:\Me\IMGVD\Lieux - moments\Seoul\100MSDCF\DSC00129.ARW
Fichier supprimé : E:\Me\IMGVD\Lieux - moments\Seoul\100MSDCF\DSC00129.ARW

Doublon trouvé: E:\Me\IMGVD\Lieux - moments\Seoul\100MSDCF\Part1\DSC00130.ARW - E:\Me\IMGVD\Lieux - moments\Seoul\100MSDCF\DSC00130.ARW
Fichier supprimé : E:\Me\IMGVD\Lieux - moments\Seoul\100MSDCF\DSC00130.ARW

Doublon trouvé: E:\Me\IMGVD\Lieux - moments\Seoul\100MSDCF\Part1\DSC00131.ARW - E:\Me\IMGVD\Lieux - moments\Seoul\100MSDCF\DSC00131.ARW
Fichier supprimé : E:\Me\IMGVD\Lieux - moments\Seoul\100MSDCF\DSC00131.ARW

Doublon trouvé: E:\Me\IMGVD\Lieux - moments\Seoul\100MSDCF\Part1\DSC00132.ARW - E:\Me\IMGVD\Lieux - moments\Seoul\100MSDCF\DSC00132.ARW
Fichier supprimé : E:\Me\IMGVD\Lieux - moments\Seoul\100MSDCF\DSC00132.ARW

Doublon trouvé: E:\Me\IMGVD\Lieux - moments\Seoul\100MSDCF\Part1\DSC00133.ARW - E:\Me\IMGVD\Lieux - moments\Seoul\100MSDCF\DSC00133.ARW
Fichier supprimé : E:\Me\IMGVD\Lieux - moments\Seoul\100MSDCF\DSC00133.ARW

Doublon trouvé: E:\Me\IMGVD\Lieux - moments\Seoul\100MSDCF\Part1\DSC00134.ARW - E:\Me\IMGVD\Lieux - moments\Seoul\100MSDCF\DSC00134.ARW
Fichier supprimé : E:\Me\IMGVD\Lieux - moments\Seoul\100MSDCF\DSC00134.ARW

Doublon trouvé: E:\Me\IMGVD\Lieux - moments\Seoul\100MSDCF\Part1\DSC00135.ARW - E:\Me\IMGVD\Lieux - moments\Seoul\100MSDCF\DSC00135.ARW
Fichier supprimé : E:\Me\IMGVD\Lieux - moments\Seoul\100MSDCF\DSC00135.ARW

Doublon trouvé: E:\Me\IMGVD\Lieux - moments\Seoul\100MSDCF\Part1\DSC00136.ARW - E:\Me\IMGVD\Lieux - moments\Seoul\100MSDCF\DSC00136.ARW
Fichier supprimé : E:\Me\IMGVD\Lieux - moments\Seoul\100MSDCF\DSC00136.ARW

Doublon trouvé: E:\Me\IMGVD\Lieux - moments\Seoul\100MSDCF\Part1\DSC00137.ARW - E:\Me\IMGVD\Lieux - moments\Seoul\100MSDCF\DSC00137.ARW
Fichier supprimé : E:\Me\IMGVD\Lieux - moments\Seoul\100MSDCF\DSC00137.ARW

Doublon trouvé: E:\Me\IMGVD\Lieux - moments\Seoul\100MSDCF\Part1\DSC00138.ARW - E:\Me\IMGVD\Lieux - moments\Seoul\100MSDCF\DSC00138.ARW
Fichier supprimé : E:\Me\IMGVD\Lieux - moments\Seoul\100MSDCF\DSC00138.ARW

Doublon trouvé: E:\Me\IMGVD\Lieux - moments\Seoul\100MSDCF\Part1\DSC00139.ARW - E:\Me\IMGVD\Lieux - moments\Seoul\100MSDCF\DSC00139.ARW
Fichier supprimé : E:\Me\IMGVD\Lieux - moments\Seoul\100MSDCF\DSC00139.ARW

Doublon trouvé: E:\Me\IMGVD\Lieux - moments\Seoul\100MSDCF\Part1\DSC00140.ARW - E:\Me\IMGVD\Lieux - moments\Seoul\100MSDCF\DSC00140.ARW
Fichier supprimé : E:\Me\IMGVD\Lieux - moments\Seoul\100MSDCF\DSC00140.ARW

Doublon trouvé: E:\Me\IMGVD\Lieux - moments\Seoul\100MSDCF\Part1\DSC00141.ARW - E:\Me\IMGVD\Lieux - moments\Seoul\100MSDCF\DSC00141.ARW
Fichier supprimé : E:\Me\IMGVD\Lieux - moments\Seoul\100MSDCF\DSC00141.ARW

Doublon trouvé: E:\Me\IMGVD\Lieux - moments\Seoul\100MSDCF\Part1\DSC00142.ARW - E:\Me\IMGVD\Lieux - moments\Seoul\100MSDCF\DSC00142.ARW
Fichier supprimé : E:\Me\IMGVD\Lieux - moments\Seoul\100MSDCF\DSC00142.ARW

Doublon trouvé: E:\Me\IMGVD\Lieux - moments\Seoul\100MSDCF\Part1\DSC00143.ARW - E:\Me\IMGVD\Lieux - moments\Seoul\100MSDCF\DSC00143.ARW
Fichier supprimé : E:\Me\IMGVD\Lieux - moments\Seoul\100MSDCF\DSC00143.ARW

Doublon trouvé: E:\Me\IMGVD\Lieux - moments\Seoul\100MSDCF\Part1\DSC00144.ARW - E:\Me\IMGVD\Lieux - moments\Seoul\100MSDCF\DSC00144.ARW
Fichier supprimé : E:\Me\IMGVD\Lieux - moments\Seoul\100MSDCF\DSC00144.ARW

Doublon trouvé: E:\Me\IMGVD\Lieux - moments\Seoul\100MSDCF\Part1\DSC00145.ARW - E:\Me\IMGVD\Lieux - moments\Seoul\100MSDCF\DSC00145.ARW
Fichier supprimé : E:\Me\IMGVD\Lieux - moments\Seoul\100MSDCF\DSC00145.ARW

Doublon trouvé: E:\Me\IMGVD\Lieux - moments\Seoul\100MSDCF\Part1\DSC00146.ARW - E:\Me\IMGVD\Lieux - moments\Seoul\100MSDCF\DSC00146.ARW
Fichier supprimé : E:\Me\IMGVD\Lieux - moments\Seoul\100MSDCF\DSC00146.ARW

Doublon trouvé: E:\Me\IMGVD\Lieux - moments\Seoul\100MSDCF\Part1\DSC00147.ARW - E:\Me\IMGVD\Lieux - moments\Seoul\100MSDCF\DSC00147.ARW
Fichier supprimé : E:\Me\IMGVD\Lieux - moments\Seoul\100MSDCF\DSC00147.ARW

Doublon trouvé: E:\Me\IMGVD\Lieux - moments\Seoul\100MSDCF\Part1\DSC00148.ARW - E:\Me\IMGVD\Lieux - moments\Seoul\100MSDCF\DSC00148.ARW
Fichier supprimé : E:\Me\IMGVD\Lieux - moments\Seoul\100MSDCF\DSC00148.ARW

Doublon trouvé: E:\Me\IMGVD\Lieux - moments\Seoul\100MSDCF\Part1\DSC00149.ARW - E:\Me\IMGVD\Lieux - moments\Seoul\100MSDCF\DSC00149.ARW
Fichier supprimé : E:\Me\IMGVD\Lieux - moments\Seoul\100MSDCF\DSC00149.ARW

Doublon trouvé: E:\Me\IMGVD\Lieux - moments\Seoul\100MSDCF\Part1\DSC00150.ARW - E:\Me\IMGVD\Lieux - moments\Seoul\100MSDCF\DSC00150.ARW
Fichier supprimé : E:\Me\IMGVD\Lieux - moments\Seoul\100MSDCF\DSC00150.ARW

Doublon trouvé: E:\Me\IMGVD\Lieux - moments\Seoul\100MSDCF\Part1\DSC00151.ARW - E:\Me\IMGVD\Lieux - moments\Seoul\100MSDCF\DSC00151.ARW
Fichier supprimé : E:\Me\IMGVD\Lieux - moments\Seoul\100MSDCF\DSC00151.ARW

Doublon trouvé: E:\Me\IMGVD\Lieux - moments\Seoul\100MSDCF\Part1\DSC00152.ARW - E:\Me\IMGVD\Lieux - moments\Seoul\100MSDCF\DSC00152.ARW
Fichier supprimé : E:\Me\IMGVD\Lieux - moments\Seoul\100MSDCF\DSC00152.ARW

Doublon trouvé: E:\Me\IMGVD\Lieux - moments\Seoul\100MSDCF\Part1\DSC00153.ARW - E:\Me\IMGVD\Lieux - moments\Seoul\100MSDCF\DSC00153.ARW
Fichier supprimé : E:\Me\IMGVD\Lieux - moments\Seoul\100MSDCF\DSC00153.ARW

Doublon trouvé: E:\Me\IMGVD\Lieux - moments\Seoul\100MSDCF\Part1\DSC00154.ARW - E:\Me\IMGVD\Lieux - moments\Seoul\100MSDCF\DSC00154.ARW
Fichier supprimé : E:\Me\IMGVD\Lieux - moments\Seoul\100MSDCF\DSC00154.ARW

Doublon trouvé: E:\Me\IMGVD\Lieux - moments\Seoul\100MSDCF\Part1\DSC00155.ARW - E:\Me\IMGVD\Lieux - moments\Seoul\100MSDCF\DSC00155.ARW
Fichier supprimé : E:\Me\IMGVD\Lieux - moments\Seoul\100MSDCF\DSC00155.ARW

Doublon trouvé: E:\Me\IMGVD\Lieux - moments\Seoul\100MSDCF\Part1\DSC00156.ARW - E:\Me\IMGVD\Lieux - moments\Seoul\100MSDCF\DSC00156.ARW
Fichier supprimé : E:\Me\IMGVD\Lieux - moments\Seoul\100MSDCF\DSC00156.ARW

Doublon trouvé: E:\Me\IMGVD\Lieux - moments\Seoul\100MSDCF\Part1\DSC00157.ARW - E:\Me\IMGVD\Lieux - moments\Seoul\100MSDCF\DSC00157.ARW
Fichier supprimé : E:\Me\IMGVD\Lieux - moments\Seoul\100MSDCF\DSC00157.ARW

Doublon trouvé: E:\Me\IMGVD\Lieux - moments\Seoul\100MSDCF\Part1\DSC00158.ARW - E:\Me\IMGVD\Lieux - moments\Seoul\100MSDCF\DSC00158.ARW
Fichier supprimé : E:\Me\IMGVD\Lieux - moments\Seoul\100MSDCF\DSC00158.ARW

Doublon trouvé: E:\Me\IMGVD\Lieux - moments\Seoul\100MSDCF\Part1\DSC00159.ARW - E:\Me\IMGVD\Lieux - moments\Seoul\100MSDCF\DSC00159.ARW
Fichier supprimé : E:\Me\IMGVD\Lieux - moments\Seoul\100MSDCF\DSC00159.ARW

Doublon trouvé: E:\Me\IMGVD\Lieux - moments\Seoul\100MSDCF\Part1\DSC00160.ARW - E:\Me\IMGVD\Lieux - moments\Seoul\100MSDCF\DSC00160.ARW
Fichier supprimé : E:\Me\IMGVD\Lieux - moments\Seoul\100MSDCF\DSC00160.ARW

Doublon trouvé: E:\Me\IMGVD\Lieux - moments\Seoul\100MSDCF\Part1\DSC00161.ARW - E:\Me\IMGVD\Lieux - moments\Seoul\100MSDCF\DSC00161.ARW
Fichier supprimé : E:\Me\IMGVD\Lieux - moments\Seoul\100MSDCF\DSC00161.ARW

Doublon trouvé: E:\Me\IMGVD\Lieux - moments\Seoul\100MSDCF\Part1\DSC00162.ARW - E:\Me\IMGVD\Lieux - moments\Seoul\100MSDCF\DSC00162.ARW
Fichier supprimé : E:\Me\IMGVD\Lieux - moments\Seoul\100MSDCF\DSC00162.ARW

Doublon trouvé: E:\Me\IMGVD\Lieux - moments\Seoul\100MSDCF\Part1\DSC00163.ARW - E:\Me\IMGVD\Lieux - moments\Seoul\100MSDCF\DSC00163.ARW
Fichier supprimé : E:\Me\IMGVD\Lieux - moments\Seoul\100MSDCF\DSC00163.ARW

Doublon trouvé: E:\Me\IMGVD\Lieux - moments\Seoul\100MSDCF\Part1\DSC00164.ARW - E:\Me\IMGVD\Lieux - moments\Seoul\100MSDCF\DSC00164.ARW
Fichier supprimé : E:\Me\IMGVD\Lieux - moments\Seoul\100MSDCF\DSC00164.ARW

Doublon trouvé: E:\Me\IMGVD\Lieux - moments\Seoul\100MSDCF\Part1\DSC00165.ARW - E:\Me\IMGVD\Lieux - moments\Seoul\100MSDCF\DSC00165.ARW
Fichier supprimé : E:\Me\IMGVD\Lieux - moments\Seoul\100MSDCF\DSC00165.ARW

Doublon trouvé: E:\Me\IMGVD\Lieux - moments\Seoul\100MSDCF\Part1\DSC00166.ARW - E:\Me\IMGVD\Lieux - moments\Seoul\100MSDCF\DSC00166.ARW
Fichier supprimé : E:\Me\IMGVD\Lieux - moments\Seoul\100MSDCF\DSC00166.ARW

Doublon trouvé: E:\Me\IMGVD\Lieux - moments\Seoul\100MSDCF\Part1\DSC00167.ARW - E:\Me\IMGVD\Lieux - moments\Seoul\100MSDCF\DSC00167.ARW
Fichier supprimé : E:\Me\IMGVD\Lieux - moments\Seoul\100MSDCF\DSC00167.ARW

Doublon trouvé: E:\Me\IMGVD\Lieux - moments\Seoul\100MSDCF\Part1\DSC00168.ARW - E:\Me\IMGVD\Lieux - moments\Seoul\100MSDCF\DSC00168.ARW
Fichier supprimé : E:\Me\IMGVD\Lieux - moments\Seoul\100MSDCF\DSC00168.ARW

Doublon trouvé: E:\Me\IMGVD\Lieux - moments\Seoul\100MSDCF\Part1\DSC00169.ARW - E:\Me\IMGVD\Lieux - moments\Seoul\100MSDCF\DSC00169.ARW
Fichier supprimé : E:\Me\IMGVD\Lieux - moments\Seoul\100MSDCF\DSC00169.ARW

Doublon trouvé: E:\Me\IMGVD\Lieux - moments\Seoul\100MSDCF\Part1\DSC00170.ARW - E:\Me\IMGVD\Lieux - moments\Seoul\100MSDCF\DSC00170.ARW
Fichier supprimé : E:\Me\IMGVD\Lieux - moments\Seoul\100MSDCF\DSC00170.ARW

Doublon trouvé: E:\Me\IMGVD\Lieux - moments\Seoul\100MSDCF\Part1\DSC00171.ARW - E:\Me\IMGVD\Lieux - moments\Seoul\100MSDCF\DSC00171.ARW
Fichier supprimé : E:\Me\IMGVD\Lieux - moments\Seoul\100MSDCF\DSC00171.ARW

Doublon trouvé: E:\Me\IMGVD\Lieux - moments\Seoul\100MSDCF\Part1\DSC00172.ARW - E:\Me\IMGVD\Lieux - moments\Seoul\100MSDCF\DSC00172.ARW
Fichier supprimé : E:\Me\IMGVD\Lieux - moments\Seoul\100MSDCF\DSC00172.ARW

Doublon trouvé: E:\Me\IMGVD\Lieux - moments\Seoul\100MSDCF\Part2\DSC00173.ARW - E:\Me\IMGVD\Lieux - moments\Seoul\100MSDCF\Part1\DSC00173.ARW
Il faut choisir entre les deux fichiers : E:\Me\IMGVD\Lieux - moments\Seoul\100MSDCF\Part2\DSC00173.ARW - E:\Me\IMGVD\Lieux - moments\Seoul\100MSDCF\Part1\DSC00173.ARW

Doublon trouvé: E:\Me\IMGVD\Lieux - moments\Seoul\100MSDCF\Part2\DSC00174.ARW - E:\Me\IMGVD\Lieux - moments\Seoul\100MSDCF\Part1\DSC00174.ARW
Il faut choisir entre les deux fichiers : E:\Me\IMGVD\Lieux - moments\Seoul\100MSDCF\Part2\DSC00174.ARW - E:\Me\IMGVD\Lieux - moments\Seoul\100MSDCF\Part1\DSC00174.ARW

Doublon trouvé: E:\Me\IMGVD\Lieux - moments\Seoul\100MSDCF\Part2\DSC00175.ARW - E:\Me\IMGVD\Lieux - moments\Seoul\100MSDCF\Part1\DSC00175.ARW
Il faut choisir entre les deux fichiers : E:\Me\IMGVD\Lieux - moments\Seoul\100MSDCF\Part2\DSC00175.ARW - E:\Me\IMGVD\Lieux - moments\Seoul\100MSDCF\Part1\DSC00175.ARW

Doublon trouvé: E:\Me\IMGVD\Lieux - moments\Seoul\100MSDCF\Part2\DSC00177.ARW - E:\Me\IMGVD\Lieux - moments\Seoul\100MSDCF\Part1\DSC00177.ARW
Il faut choisir entre les deux fichiers : E:\Me\IMGVD\Lieux - moments\Seoul\100MSDCF\Part2\DSC00177.ARW - E:\Me\IMGVD\Lieux - moments\Seoul\100MSDCF\Part1\DSC00177.ARW

Doublon trouvé: E:\Me\IMGVD\Lieux - moments\Seoul\100MSDCF\Part2\DSC00178.ARW - E:\Me\IMGVD\Lieux - moments\Seoul\100MSDCF\Part1\DSC00178.ARW
Il faut choisir entre les deux fichiers : E:\Me\IMGVD\Lieux - moments\Seoul\100MSDCF\Part2\DSC00178.ARW - E:\Me\IMGVD\Lieux - moments\Seoul\100MSDCF\Part1\DSC00178.ARW

Doublon trouvé: E:\Me\IMGVD\Lieux - moments\Seoul\100MSDCF\Part2\DSC00179.ARW - E:\Me\IMGVD\Lieux - moments\Seoul\100MSDCF\Part1\DSC00179.ARW
Il faut choisir entre les deux fichiers : E:\Me\IMGVD\Lieux - moments\Seoul\100MSDCF\Part2\DSC00179.ARW - E:\Me\IMGVD\Lieux - moments\Seoul\100MSDCF\Part1\DSC00179.ARW

Doublon trouvé: E:\Me\IMGVD\Lieux - moments\Seoul\100MSDCF\Part2\DSC00180.ARW - E:\Me\IMGVD\Lieux - moments\Seoul\100MSDCF\Part1\DSC00180.ARW
Il faut choisir entre les deux fichiers : E:\Me\IMGVD\Lieux - moments\Seoul\100MSDCF\Part2\DSC00180.ARW - E:\Me\IMGVD\Lieux - moments\Seoul\100MSDCF\Part1\DSC00180.ARW

Doublon trouvé: E:\Me\IMGVD\Lieux - moments\Seoul\100MSDCF\Part2\DSC00181.ARW - E:\Me\IMGVD\Lieux - moments\Seoul\100MSDCF\Part1\DSC00181.ARW
Il faut choisir entre les deux fichiers : E:\Me\IMGVD\Lieux - moments\Seoul\100MSDCF\Part2\DSC00181.ARW - E:\Me\IMGVD\Lieux - moments\Seoul\100MSDCF\Part1\DSC00181.ARW

Doublon trouvé: E:\Me\IMGVD\Lieux - moments\Seoul\100MSDCF\Part2\DSC00182.ARW - E:\Me\IMGVD\Lieux - moments\Seoul\100MSDCF\Part1\DSC00182.ARW
Il faut choisir entre les deux fichiers : E:\Me\IMGVD\Lieux - moments\Seoul\100MSDCF\Part2\DSC00182.ARW - E:\Me\IMGVD\Lieux - moments\Seoul\100MSDCF\Part1\DSC00182.ARW

Doublon trouvé: E:\Me\IMGVD\Lieux - moments\Seoul\100MSDCF\Part2\DSC00183.ARW - E:\Me\IMGVD\Lieux - moments\Seoul\100MSDCF\Part1\DSC00183.ARW
Il faut choisir entre les deux fichiers : E:\Me\IMGVD\Lieux - moments\Seoul\100MSDCF\Part2\DSC00183.ARW - E:\Me\IMGVD\Lieux - moments\Seoul\100MSDCF\Part1\DSC00183.ARW

Doublon trouvé: E:\Me\IMGVD\Lieux - moments\Seoul\80\A7IVBD0068.jpg - E:\Me\IMGVD\Lieux - moments\Seoul\A7IVBD0068.jpg
Fichier supprimé : E:\Me\IMGVD\Lieux - moments\Seoul\A7IVBD0068.jpg

Doublon trouvé: E:\Me\IMGVD\Lieux - moments\Seoul\80\A7IVBD0723.jpg - E:\Me\IMGVD\Lieux - moments\Seoul\A7IVBD0723.jpg
Fichier supprimé : E:\Me\IMGVD\Lieux - moments\Seoul\A7IVBD0723.jpg

Doublon trouvé: E:\Me\IMGVD\Lieux - moments\Seoul\output\DSC00001.jpg - E:\Me\IMGVD\Lieux - moments\Seoul\DSC00001.jpg
Fichier supprimé : E:\Me\IMGVD\Lieux - moments\Seoul\DSC00001.jpg

Doublon trouvé: E:\Me\IMGVD\Lieux - moments\Seoul\output\DSC00004.jpg - E:\Me\IMGVD\Lieux - moments\Seoul\DSC00004.jpg
Fichier supprimé : E:\Me\IMGVD\Lieux - moments\Seoul\DSC00004.jpg

Doublon trouvé: E:\Me\IMGVD\Lieux - moments\Seoul\output\DSC00005.jpg - E:\Me\IMGVD\Lieux - moments\Seoul\DSC00005.jpg
Fichier supprimé : E:\Me\IMGVD\Lieux - moments\Seoul\DSC00005.jpg

Doublon trouvé: E:\Me\IMGVD\Lieux - moments\Seoul\output\DSC00010.jpg - E:\Me\IMGVD\Lieux - moments\Seoul\DSC00010.jpg
Fichier supprimé : E:\Me\IMGVD\Lieux - moments\Seoul\DSC00010.jpg

Doublon trouvé: E:\Me\IMGVD\Lieux - moments\Seoul\output\DSC00287.jpg - E:\Me\IMGVD\Lieux - moments\Seoul\DSC00287.jpg
Fichier supprimé : E:\Me\IMGVD\Lieux - moments\Seoul\DSC00287.jpg

Doublon trouvé: E:\Me\IMGVD\Lieux - moments\Seoul\output\DSC00288.jpg - E:\Me\IMGVD\Lieux - moments\Seoul\DSC00288.jpg
Fichier supprimé : E:\Me\IMGVD\Lieux - moments\Seoul\DSC00288.jpg

Doublon trouvé: E:\Me\IMGVD\Lieux - moments\Seoul\Sortie\DSC00003.jpg - E:\Me\IMGVD\Lieux - moments\Seoul\output\DSC00003.jpg
Il faut choisir entre les deux fichiers : E:\Me\IMGVD\Lieux - moments\Seoul\Sortie\DSC00003.jpg - E:\Me\IMGVD\Lieux - moments\Seoul\output\DSC00003.jpg

Doublon trouvé: E:\Me\IMGVD\Lieux - moments\Seoul\Sortie\DSC00006.jpg - E:\Me\IMGVD\Lieux - moments\Seoul\output\DSC00006.jpg
Il faut choisir entre les deux fichiers : E:\Me\IMGVD\Lieux - moments\Seoul\Sortie\DSC00006.jpg - E:\Me\IMGVD\Lieux - moments\Seoul\output\DSC00006.jpg

Doublon trouvé: E:\Me\IMGVD\Lieux - moments\Seoul\Sortie\DSC00007.jpg - E:\Me\IMGVD\Lieux - moments\Seoul\output\DSC00007.jpg
Il faut choisir entre les deux fichiers : E:\Me\IMGVD\Lieux - moments\Seoul\Sortie\DSC00007.jpg - E:\Me\IMGVD\Lieux - moments\Seoul\output\DSC00007.jpg

Doublon trouvé: E:\Me\IMGVD\Lieux - moments\Seoul\Sortie\DSC00009.jpg - E:\Me\IMGVD\Lieux - moments\Seoul\output\DSC00009.jpg
Il faut choisir entre les deux fichiers : E:\Me\IMGVD\Lieux - moments\Seoul\Sortie\DSC00009.jpg - E:\Me\IMGVD\Lieux - moments\Seoul\output\DSC00009.jpg

Doublon trouvé: E:\Me\IMGVD\Lieux - moments\Seoul\Sortie\DSC00011.jpg - E:\Me\IMGVD\Lieux - moments\Seoul\output\DSC00011.jpg
Il faut choisir entre les deux fichiers : E:\Me\IMGVD\Lieux - moments\Seoul\Sortie\DSC00011.jpg - E:\Me\IMGVD\Lieux - moments\Seoul\output\DSC00011.jpg

Doublon trouvé: E:\Me\IMGVD\Lieux - moments\Seoul\Sortie\DSC00012.jpg - E:\Me\IMGVD\Lieux - moments\Seoul\output\DSC00012.jpg
Il faut choisir entre les deux fichiers : E:\Me\IMGVD\Lieux - moments\Seoul\Sortie\DSC00012.jpg - E:\Me\IMGVD\Lieux - moments\Seoul\output\DSC00012.jpg

Doublon trouvé: E:\Me\IMGVD\Lieux - moments\Seoul\Sortie\DSC00013.jpg - E:\Me\IMGVD\Lieux - moments\Seoul\output\DSC00013.jpg
Il faut choisir entre les deux fichiers : E:\Me\IMGVD\Lieux - moments\Seoul\Sortie\DSC00013.jpg - E:\Me\IMGVD\Lieux - moments\Seoul\output\DSC00013.jpg

Doublon trouvé: E:\Me\IMGVD\Lieux - moments\Seoul\Sortie\DSC00014.jpg - E:\Me\IMGVD\Lieux - moments\Seoul\output\DSC00014.jpg
Il faut choisir entre les deux fichiers : E:\Me\IMGVD\Lieux - moments\Seoul\Sortie\DSC00014.jpg - E:\Me\IMGVD\Lieux - moments\Seoul\output\DSC00014.jpg

Doublon trouvé: E:\Me\IMGVD\Lieux - moments\Seoul\Sortie\DSC00015.jpg - E:\Me\IMGVD\Lieux - moments\Seoul\output\DSC00015.jpg
Il faut choisir entre les deux fichiers : E:\Me\IMGVD\Lieux - moments\Seoul\Sortie\DSC00015.jpg - E:\Me\IMGVD\Lieux - moments\Seoul\output\DSC00015.jpg

Doublon trouvé: E:\Me\IMGVD\Lieux - moments\Seoul\Sortie\DSC00016.jpg - E:\Me\IMGVD\Lieux - moments\Seoul\output\DSC00016.jpg
Il faut choisir entre les deux fichiers : E:\Me\IMGVD\Lieux - moments\Seoul\Sortie\DSC00016.jpg - E:\Me\IMGVD\Lieux - moments\Seoul\output\DSC00016.jpg

Doublon trouvé: E:\Me\IMGVD\Lieux - moments\Seoul\Sortie\DSC00017.jpg - E:\Me\IMGVD\Lieux - moments\Seoul\output\DSC00017.jpg
Il faut choisir entre les deux fichiers : E:\Me\IMGVD\Lieux - moments\Seoul\Sortie\DSC00017.jpg - E:\Me\IMGVD\Lieux - moments\Seoul\output\DSC00017.jpg

Doublon trouvé: E:\Me\IMGVD\Lieux - moments\Seoul\Sortie\DSC00018.jpg - E:\Me\IMGVD\Lieux - moments\Seoul\output\DSC00018.jpg
Il faut choisir entre les deux fichiers : E:\Me\IMGVD\Lieux - moments\Seoul\Sortie\DSC00018.jpg - E:\Me\IMGVD\Lieux - moments\Seoul\output\DSC00018.jpg

Doublon trouvé: E:\Me\IMGVD\Lieux - moments\Seoul\Sortie\DSC00020.jpg - E:\Me\IMGVD\Lieux - moments\Seoul\output\DSC00020.jpg
Il faut choisir entre les deux fichiers : E:\Me\IMGVD\Lieux - moments\Seoul\Sortie\DSC00020.jpg - E:\Me\IMGVD\Lieux - moments\Seoul\output\DSC00020.jpg

Doublon trouvé: E:\Me\IMGVD\Lieux - moments\Seoul\Sortie\DSC00021.jpg - E:\Me\IMGVD\Lieux - moments\Seoul\output\DSC00021.jpg
Il faut choisir entre les deux fichiers : E:\Me\IMGVD\Lieux - moments\Seoul\Sortie\DSC00021.jpg - E:\Me\IMGVD\Lieux - moments\Seoul\output\DSC00021.jpg

Doublon trouvé: E:\Me\IMGVD\Lieux - moments\Seoul\Sortie\DSC00022.jpg - E:\Me\IMGVD\Lieux - moments\Seoul\output\DSC00022.jpg
Il faut choisir entre les deux fichiers : E:\Me\IMGVD\Lieux - moments\Seoul\Sortie\DSC00022.jpg - E:\Me\IMGVD\Lieux - moments\Seoul\output\DSC00022.jpg

Doublon trouvé: E:\Me\IMGVD\Lieux - moments\Seoul\Sortie\DSC00029.jpg - E:\Me\IMGVD\Lieux - moments\Seoul\output\DSC00029.jpg
Il faut choisir entre les deux fichiers : E:\Me\IMGVD\Lieux - moments\Seoul\Sortie\DSC00029.jpg - E:\Me\IMGVD\Lieux - moments\Seoul\output\DSC00029.jpg

Doublon trouvé: E:\Me\IMGVD\Lieux - moments\Seoul\Sortie\DSC00030.jpg - E:\Me\IMGVD\Lieux - moments\Seoul\output\DSC00030.jpg
Il faut choisir entre les deux fichiers : E:\Me\IMGVD\Lieux - moments\Seoul\Sortie\DSC00030.jpg - E:\Me\IMGVD\Lieux - moments\Seoul\output\DSC00030.jpg

Doublon trouvé: E:\Me\IMGVD\Lieux - moments\Seoul\Sortie\DSC00035.jpg - E:\Me\IMGVD\Lieux - moments\Seoul\output\DSC00035.jpg
Il faut choisir entre les deux fichiers : E:\Me\IMGVD\Lieux - moments\Seoul\Sortie\DSC00035.jpg - E:\Me\IMGVD\Lieux - moments\Seoul\output\DSC00035.jpg

Doublon trouvé: E:\Me\IMGVD\Lieux - moments\Seoul\Sortie\DSC00036.jpg - E:\Me\IMGVD\Lieux - moments\Seoul\output\DSC00036.jpg
Il faut choisir entre les deux fichiers : E:\Me\IMGVD\Lieux - moments\Seoul\Sortie\DSC00036.jpg - E:\Me\IMGVD\Lieux - moments\Seoul\output\DSC00036.jpg

Doublon trouvé: E:\Me\IMGVD\Lieux - moments\Seoul\Sortie\DSC00037.jpg - E:\Me\IMGVD\Lieux - moments\Seoul\output\DSC00037.jpg
Il faut choisir entre les deux fichiers : E:\Me\IMGVD\Lieux - moments\Seoul\Sortie\DSC00037.jpg - E:\Me\IMGVD\Lieux - moments\Seoul\output\DSC00037.jpg

Doublon trouvé: E:\Me\IMGVD\Lieux - moments\Seoul\Sortie\DSC00043.jpg - E:\Me\IMGVD\Lieux - moments\Seoul\output\DSC00043.jpg
Il faut choisir entre les deux fichiers : E:\Me\IMGVD\Lieux - moments\Seoul\Sortie\DSC00043.jpg - E:\Me\IMGVD\Lieux - moments\Seoul\output\DSC00043.jpg

Doublon trouvé: E:\Me\IMGVD\Lieux - moments\Seoul\Sortie\DSC00044.jpg - E:\Me\IMGVD\Lieux - moments\Seoul\output\DSC00044.jpg
Il faut choisir entre les deux fichiers : E:\Me\IMGVD\Lieux - moments\Seoul\Sortie\DSC00044.jpg - E:\Me\IMGVD\Lieux - moments\Seoul\output\DSC00044.jpg

Doublon trouvé: E:\Me\IMGVD\Lieux - moments\Seoul\Sortie\DSC00046.jpg - E:\Me\IMGVD\Lieux - moments\Seoul\output\DSC00046.jpg
Il faut choisir entre les deux fichiers : E:\Me\IMGVD\Lieux - moments\Seoul\Sortie\DSC00046.jpg - E:\Me\IMGVD\Lieux - moments\Seoul\output\DSC00046.jpg

Doublon trouvé: E:\Me\IMGVD\Lieux - moments\Seoul\Sortie\DSC00047.jpg - E:\Me\IMGVD\Lieux - moments\Seoul\output\DSC00047.jpg
Il faut choisir entre les deux fichiers : E:\Me\IMGVD\Lieux - moments\Seoul\Sortie\DSC00047.jpg - E:\Me\IMGVD\Lieux - moments\Seoul\output\DSC00047.jpg

Doublon trouvé: E:\Me\IMGVD\Lieux - moments\Seoul\Sortie\DSC00048.jpg - E:\Me\IMGVD\Lieux - moments\Seoul\output\DSC00048.jpg
Il faut choisir entre les deux fichiers : E:\Me\IMGVD\Lieux - moments\Seoul\Sortie\DSC00048.jpg - E:\Me\IMGVD\Lieux - moments\Seoul\output\DSC00048.jpg

Doublon trouvé: E:\Me\IMGVD\Lieux - moments\Seoul\Sortie\DSC00049.jpg - E:\Me\IMGVD\Lieux - moments\Seoul\output\DSC00049.jpg
Il faut choisir entre les deux fichiers : E:\Me\IMGVD\Lieux - moments\Seoul\Sortie\DSC00049.jpg - E:\Me\IMGVD\Lieux - moments\Seoul\output\DSC00049.jpg

Doublon trouvé: E:\Me\IMGVD\Lieux - moments\Seoul\Sortie\DSC00051.jpg - E:\Me\IMGVD\Lieux - moments\Seoul\output\DSC00051.jpg
Il faut choisir entre les deux fichiers : E:\Me\IMGVD\Lieux - moments\Seoul\Sortie\DSC00051.jpg - E:\Me\IMGVD\Lieux - moments\Seoul\output\DSC00051.jpg

Doublon trouvé: E:\Me\IMGVD\Lieux - moments\Seoul\Sortie\DSC00052.jpg - E:\Me\IMGVD\Lieux - moments\Seoul\output\DSC00052.jpg
Il faut choisir entre les deux fichiers : E:\Me\IMGVD\Lieux - moments\Seoul\Sortie\DSC00052.jpg - E:\Me\IMGVD\Lieux - moments\Seoul\output\DSC00052.jpg

Doublon trouvé: E:\Me\IMGVD\Lieux - moments\Seoul\Sortie\DSC00053.jpg - E:\Me\IMGVD\Lieux - moments\Seoul\output\DSC00053.jpg
Il faut choisir entre les deux fichiers : E:\Me\IMGVD\Lieux - moments\Seoul\Sortie\DSC00053.jpg - E:\Me\IMGVD\Lieux - moments\Seoul\output\DSC00053.jpg

Doublon trouvé: E:\Me\IMGVD\Lieux - moments\Seoul\Sortie\DSC00058.jpg - E:\Me\IMGVD\Lieux - moments\Seoul\output\DSC00058.jpg
Il faut choisir entre les deux fichiers : E:\Me\IMGVD\Lieux - moments\Seoul\Sortie\DSC00058.jpg - E:\Me\IMGVD\Lieux - moments\Seoul\output\DSC00058.jpg

Doublon trouvé: E:\Me\IMGVD\Lieux - moments\Seoul\Sortie\DSC00063.jpg - E:\Me\IMGVD\Lieux - moments\Seoul\output\DSC00063.jpg
Il faut choisir entre les deux fichiers : E:\Me\IMGVD\Lieux - moments\Seoul\Sortie\DSC00063.jpg - E:\Me\IMGVD\Lieux - moments\Seoul\output\DSC00063.jpg

Doublon trouvé: E:\Me\IMGVD\Lieux - moments\Seoul\Sortie\DSC00064.jpg - E:\Me\IMGVD\Lieux - moments\Seoul\output\DSC00064.jpg
Il faut choisir entre les deux fichiers : E:\Me\IMGVD\Lieux - moments\Seoul\Sortie\DSC00064.jpg - E:\Me\IMGVD\Lieux - moments\Seoul\output\DSC00064.jpg

Doublon trouvé: E:\Me\IMGVD\Lieux - moments\Seoul\Sortie\DSC00068.jpg - E:\Me\IMGVD\Lieux - moments\Seoul\output\DSC00068.jpg
Il faut choisir entre les deux fichiers : E:\Me\IMGVD\Lieux - moments\Seoul\Sortie\DSC00068.jpg - E:\Me\IMGVD\Lieux - moments\Seoul\output\DSC00068.jpg

Doublon trouvé: E:\Me\IMGVD\Lieux - moments\Seoul\Sortie\DSC00070.jpg - E:\Me\IMGVD\Lieux - moments\Seoul\output\DSC00070.jpg
Il faut choisir entre les deux fichiers : E:\Me\IMGVD\Lieux - moments\Seoul\Sortie\DSC00070.jpg - E:\Me\IMGVD\Lieux - moments\Seoul\output\DSC00070.jpg

Doublon trouvé: E:\Me\IMGVD\Lieux - moments\Seoul\Sortie\DSC00071.jpg - E:\Me\IMGVD\Lieux - moments\Seoul\output\DSC00071.jpg
Il faut choisir entre les deux fichiers : E:\Me\IMGVD\Lieux - moments\Seoul\Sortie\DSC00071.jpg - E:\Me\IMGVD\Lieux - moments\Seoul\output\DSC00071.jpg

Doublon trouvé: E:\Me\IMGVD\Lieux - moments\Seoul\Sortie\DSC00072.jpg - E:\Me\IMGVD\Lieux - moments\Seoul\output\DSC00072.jpg
Il faut choisir entre les deux fichiers : E:\Me\IMGVD\Lieux - moments\Seoul\Sortie\DSC00072.jpg - E:\Me\IMGVD\Lieux - moments\Seoul\output\DSC00072.jpg

Doublon trouvé: E:\Me\IMGVD\Lieux - moments\Seoul\Sortie\DSC00118.jpg - E:\Me\IMGVD\Lieux - moments\Seoul\output\DSC00118.jpg
Il faut choisir entre les deux fichiers : E:\Me\IMGVD\Lieux - moments\Seoul\Sortie\DSC00118.jpg - E:\Me\IMGVD\Lieux - moments\Seoul\output\DSC00118.jpg

Doublon trouvé: E:\Me\IMGVD\Lieux - moments\Seoul\Sortie\DSC00123.jpg - E:\Me\IMGVD\Lieux - moments\Seoul\output\DSC00123.jpg
Il faut choisir entre les deux fichiers : E:\Me\IMGVD\Lieux - moments\Seoul\Sortie\DSC00123.jpg - E:\Me\IMGVD\Lieux - moments\Seoul\output\DSC00123.jpg

Doublon trouvé: E:\Me\IMGVD\Lieux - moments\Seoul\Sortie\DSC00131.jpg - E:\Me\IMGVD\Lieux - moments\Seoul\output\DSC00131.jpg
Il faut choisir entre les deux fichiers : E:\Me\IMGVD\Lieux - moments\Seoul\Sortie\DSC00131.jpg - E:\Me\IMGVD\Lieux - moments\Seoul\output\DSC00131.jpg

Doublon trouvé: E:\Me\IMGVD\Lieux - moments\Seoul\Sortie\DSC00138.jpg - E:\Me\IMGVD\Lieux - moments\Seoul\output\DSC00138.jpg
Il faut choisir entre les deux fichiers : E:\Me\IMGVD\Lieux - moments\Seoul\Sortie\DSC00138.jpg - E:\Me\IMGVD\Lieux - moments\Seoul\output\DSC00138.jpg

Doublon trouvé: E:\Me\IMGVD\Lieux - moments\Seoul\Sortie\DSC00140.jpg - E:\Me\IMGVD\Lieux - moments\Seoul\output\DSC00140.jpg
Il faut choisir entre les deux fichiers : E:\Me\IMGVD\Lieux - moments\Seoul\Sortie\DSC00140.jpg - E:\Me\IMGVD\Lieux - moments\Seoul\output\DSC00140.jpg

Doublon trouvé: E:\Me\IMGVD\Lieux - moments\Seoul\Sortie\DSC00150.jpg - E:\Me\IMGVD\Lieux - moments\Seoul\output\DSC00150.jpg
Il faut choisir entre les deux fichiers : E:\Me\IMGVD\Lieux - moments\Seoul\Sortie\DSC00150.jpg - E:\Me\IMGVD\Lieux - moments\Seoul\output\DSC00150.jpg

Doublon trouvé: E:\Me\IMGVD\Lieux - moments\Seoul\Sortie\DSC00151.jpg - E:\Me\IMGVD\Lieux - moments\Seoul\output\DSC00151.jpg
Il faut choisir entre les deux fichiers : E:\Me\IMGVD\Lieux - moments\Seoul\Sortie\DSC00151.jpg - E:\Me\IMGVD\Lieux - moments\Seoul\output\DSC00151.jpg

Doublon trouvé: E:\Me\IMGVD\Lieux - moments\Seoul\Sortie\DSC00153.jpg - E:\Me\IMGVD\Lieux - moments\Seoul\output\DSC00153.jpg
Il faut choisir entre les deux fichiers : E:\Me\IMGVD\Lieux - moments\Seoul\Sortie\DSC00153.jpg - E:\Me\IMGVD\Lieux - moments\Seoul\output\DSC00153.jpg

Doublon trouvé: E:\Me\IMGVD\Lieux - moments\Seoul\Sortie\DSC00155.jpg - E:\Me\IMGVD\Lieux - moments\Seoul\output\DSC00155.jpg
Il faut choisir entre les deux fichiers : E:\Me\IMGVD\Lieux - moments\Seoul\Sortie\DSC00155.jpg - E:\Me\IMGVD\Lieux - moments\Seoul\output\DSC00155.jpg

Doublon trouvé: E:\Me\IMGVD\Lieux - moments\Seoul\Sortie\DSC00156.jpg - E:\Me\IMGVD\Lieux - moments\Seoul\output\DSC00156.jpg
Il faut choisir entre les deux fichiers : E:\Me\IMGVD\Lieux - moments\Seoul\Sortie\DSC00156.jpg - E:\Me\IMGVD\Lieux - moments\Seoul\output\DSC00156.jpg

Doublon trouvé: E:\Me\IMGVD\Lieux - moments\Seoul\Sortie\DSC00163.jpg - E:\Me\IMGVD\Lieux - moments\Seoul\output\DSC00163.jpg
Il faut choisir entre les deux fichiers : E:\Me\IMGVD\Lieux - moments\Seoul\Sortie\DSC00163.jpg - E:\Me\IMGVD\Lieux - moments\Seoul\output\DSC00163.jpg

Doublon trouvé: E:\Me\IMGVD\Lieux - moments\Seoul\Sortie\DSC00164.jpg - E:\Me\IMGVD\Lieux - moments\Seoul\output\DSC00164.jpg
Il faut choisir entre les deux fichiers : E:\Me\IMGVD\Lieux - moments\Seoul\Sortie\DSC00164.jpg - E:\Me\IMGVD\Lieux - moments\Seoul\output\DSC00164.jpg

Doublon trouvé: E:\Me\IMGVD\Lieux - moments\Seoul\Sortie\DSC00165.jpg - E:\Me\IMGVD\Lieux - moments\Seoul\output\DSC00165.jpg
Il faut choisir entre les deux fichiers : E:\Me\IMGVD\Lieux - moments\Seoul\Sortie\DSC00165.jpg - E:\Me\IMGVD\Lieux - moments\Seoul\output\DSC00165.jpg

Doublon trouvé: E:\Me\IMGVD\Lieux - moments\Seoul\Sortie\DSC00166.jpg - E:\Me\IMGVD\Lieux - moments\Seoul\output\DSC00166.jpg
Il faut choisir entre les deux fichiers : E:\Me\IMGVD\Lieux - moments\Seoul\Sortie\DSC00166.jpg - E:\Me\IMGVD\Lieux - moments\Seoul\output\DSC00166.jpg

Doublon trouvé: E:\Me\IMGVD\Lieux - moments\Seoul\Sortie\DSC00167.jpg - E:\Me\IMGVD\Lieux - moments\Seoul\output\DSC00167.jpg
Il faut choisir entre les deux fichiers : E:\Me\IMGVD\Lieux - moments\Seoul\Sortie\DSC00167.jpg - E:\Me\IMGVD\Lieux - moments\Seoul\output\DSC00167.jpg

Doublon trouvé: E:\Me\IMGVD\Lieux - moments\Seoul\Sortie\DSC00170.jpg - E:\Me\IMGVD\Lieux - moments\Seoul\output\DSC00170.jpg
Il faut choisir entre les deux fichiers : E:\Me\IMGVD\Lieux - moments\Seoul\Sortie\DSC00170.jpg - E:\Me\IMGVD\Lieux - moments\Seoul\output\DSC00170.jpg

Doublon trouvé: E:\Me\IMGVD\Lieux - moments\Seoul\Sortie\DSC00172.jpg - E:\Me\IMGVD\Lieux - moments\Seoul\output\DSC00172.jpg
Il faut choisir entre les deux fichiers : E:\Me\IMGVD\Lieux - moments\Seoul\Sortie\DSC00172.jpg - E:\Me\IMGVD\Lieux - moments\Seoul\output\DSC00172.jpg

Doublon trouvé: E:\Me\IMGVD\Lieux - moments\Seoul\Sortie\DSC00176.jpg - E:\Me\IMGVD\Lieux - moments\Seoul\output\DSC00176.jpg
Il faut choisir entre les deux fichiers : E:\Me\IMGVD\Lieux - moments\Seoul\Sortie\DSC00176.jpg - E:\Me\IMGVD\Lieux - moments\Seoul\output\DSC00176.jpg

Doublon trouvé: E:\Me\IMGVD\Lieux - moments\Seoul\Sortie\DSC00180.jpg - E:\Me\IMGVD\Lieux - moments\Seoul\output\DSC00180.jpg
Il faut choisir entre les deux fichiers : E:\Me\IMGVD\Lieux - moments\Seoul\Sortie\DSC00180.jpg - E:\Me\IMGVD\Lieux - moments\Seoul\output\DSC00180.jpg

Doublon trouvé: E:\Me\IMGVD\Lieux - moments\Seoul\Sortie\DSC00181.jpg - E:\Me\IMGVD\Lieux - moments\Seoul\output\DSC00181.jpg
Il faut choisir entre les deux fichiers : E:\Me\IMGVD\Lieux - moments\Seoul\Sortie\DSC00181.jpg - E:\Me\IMGVD\Lieux - moments\Seoul\output\DSC00181.jpg

Doublon trouvé: E:\Me\IMGVD\Lieux - moments\Seoul\Sortie\DSC00183.jpg - E:\Me\IMGVD\Lieux - moments\Seoul\output\DSC00183.jpg
Il faut choisir entre les deux fichiers : E:\Me\IMGVD\Lieux - moments\Seoul\Sortie\DSC00183.jpg - E:\Me\IMGVD\Lieux - moments\Seoul\output\DSC00183.jpg

Doublon trouvé: E:\Me\IMGVD\Lieux - moments\Seoul\Sortie\DSC00186.jpg - E:\Me\IMGVD\Lieux - moments\Seoul\output\DSC00186.jpg
Il faut choisir entre les deux fichiers : E:\Me\IMGVD\Lieux - moments\Seoul\Sortie\DSC00186.jpg - E:\Me\IMGVD\Lieux - moments\Seoul\output\DSC00186.jpg

Doublon trouvé: E:\Me\IMGVD\Lieux - moments\Seoul\Sortie\DSC00188.jpg - E:\Me\IMGVD\Lieux - moments\Seoul\output\DSC00188.jpg
Il faut choisir entre les deux fichiers : E:\Me\IMGVD\Lieux - moments\Seoul\Sortie\DSC00188.jpg - E:\Me\IMGVD\Lieux - moments\Seoul\output\DSC00188.jpg

Doublon trouvé: E:\Me\IMGVD\Lieux - moments\Seoul\Sortie\DSC00190.jpg - E:\Me\IMGVD\Lieux - moments\Seoul\output\DSC00190.jpg
Il faut choisir entre les deux fichiers : E:\Me\IMGVD\Lieux - moments\Seoul\Sortie\DSC00190.jpg - E:\Me\IMGVD\Lieux - moments\Seoul\output\DSC00190.jpg

Doublon trouvé: E:\Me\IMGVD\Lieux - moments\Seoul\Sortie\DSC00195.jpg - E:\Me\IMGVD\Lieux - moments\Seoul\output\DSC00195.jpg
Il faut choisir entre les deux fichiers : E:\Me\IMGVD\Lieux - moments\Seoul\Sortie\DSC00195.jpg - E:\Me\IMGVD\Lieux - moments\Seoul\output\DSC00195.jpg

Doublon trouvé: E:\Me\IMGVD\Lieux - moments\Seoul\Sortie\DSC00198.jpg - E:\Me\IMGVD\Lieux - moments\Seoul\output\DSC00198.jpg
Il faut choisir entre les deux fichiers : E:\Me\IMGVD\Lieux - moments\Seoul\Sortie\DSC00198.jpg - E:\Me\IMGVD\Lieux - moments\Seoul\output\DSC00198.jpg

Doublon trouvé: E:\Me\IMGVD\Lieux - moments\Seoul\Sortie\DSC00200.jpg - E:\Me\IMGVD\Lieux - moments\Seoul\output\DSC00200.jpg
Il faut choisir entre les deux fichiers : E:\Me\IMGVD\Lieux - moments\Seoul\Sortie\DSC00200.jpg - E:\Me\IMGVD\Lieux - moments\Seoul\output\DSC00200.jpg

Doublon trouvé: E:\Me\IMGVD\Lieux - moments\Seoul\Sortie\DSC00201.jpg - E:\Me\IMGVD\Lieux - moments\Seoul\output\DSC00201.jpg
Il faut choisir entre les deux fichiers : E:\Me\IMGVD\Lieux - moments\Seoul\Sortie\DSC00201.jpg - E:\Me\IMGVD\Lieux - moments\Seoul\output\DSC00201.jpg

Doublon trouvé: E:\Me\IMGVD\Lieux - moments\Seoul\Sortie\DSC00202.jpg - E:\Me\IMGVD\Lieux - moments\Seoul\output\DSC00202.jpg
Il faut choisir entre les deux fichiers : E:\Me\IMGVD\Lieux - moments\Seoul\Sortie\DSC00202.jpg - E:\Me\IMGVD\Lieux - moments\Seoul\output\DSC00202.jpg

Doublon trouvé: E:\Me\IMGVD\Lieux - moments\Seoul\Sortie\DSC00203.jpg - E:\Me\IMGVD\Lieux - moments\Seoul\output\DSC00203.jpg
Il faut choisir entre les deux fichiers : E:\Me\IMGVD\Lieux - moments\Seoul\Sortie\DSC00203.jpg - E:\Me\IMGVD\Lieux - moments\Seoul\output\DSC00203.jpg

Doublon trouvé: E:\Me\IMGVD\Lieux - moments\Seoul\Sortie\DSC00204.jpg - E:\Me\IMGVD\Lieux - moments\Seoul\output\DSC00204.jpg
Il faut choisir entre les deux fichiers : E:\Me\IMGVD\Lieux - moments\Seoul\Sortie\DSC00204.jpg - E:\Me\IMGVD\Lieux - moments\Seoul\output\DSC00204.jpg

Doublon trouvé: E:\Me\IMGVD\Lieux - moments\Seoul\Sortie\DSC00205.jpg - E:\Me\IMGVD\Lieux - moments\Seoul\output\DSC00205.jpg
Il faut choisir entre les deux fichiers : E:\Me\IMGVD\Lieux - moments\Seoul\Sortie\DSC00205.jpg - E:\Me\IMGVD\Lieux - moments\Seoul\output\DSC00205.jpg

Doublon trouvé: E:\Me\IMGVD\Lieux - moments\Seoul\Sortie\DSC00217.jpg - E:\Me\IMGVD\Lieux - moments\Seoul\output\DSC00217.jpg
Il faut choisir entre les deux fichiers : E:\Me\IMGVD\Lieux - moments\Seoul\Sortie\DSC00217.jpg - E:\Me\IMGVD\Lieux - moments\Seoul\output\DSC00217.jpg

Doublon trouvé: E:\Me\IMGVD\Lieux - moments\Seoul\Sortie\DSC00219.jpg - E:\Me\IMGVD\Lieux - moments\Seoul\output\DSC00219.jpg
Il faut choisir entre les deux fichiers : E:\Me\IMGVD\Lieux - moments\Seoul\Sortie\DSC00219.jpg - E:\Me\IMGVD\Lieux - moments\Seoul\output\DSC00219.jpg

Doublon trouvé: E:\Me\IMGVD\Lieux - moments\Seoul\Sortie\DSC00220.jpg - E:\Me\IMGVD\Lieux - moments\Seoul\output\DSC00220.jpg
Il faut choisir entre les deux fichiers : E:\Me\IMGVD\Lieux - moments\Seoul\Sortie\DSC00220.jpg - E:\Me\IMGVD\Lieux - moments\Seoul\output\DSC00220.jpg

Doublon trouvé: E:\Me\IMGVD\Lieux - moments\Seoul\Sortie\DSC00221.jpg - E:\Me\IMGVD\Lieux - moments\Seoul\output\DSC00221.jpg
Il faut choisir entre les deux fichiers : E:\Me\IMGVD\Lieux - moments\Seoul\Sortie\DSC00221.jpg - E:\Me\IMGVD\Lieux - moments\Seoul\output\DSC00221.jpg

Doublon trouvé: E:\Me\IMGVD\Lieux - moments\Seoul\Sortie\DSC00222.jpg - E:\Me\IMGVD\Lieux - moments\Seoul\output\DSC00222.jpg
Il faut choisir entre les deux fichiers : E:\Me\IMGVD\Lieux - moments\Seoul\Sortie\DSC00222.jpg - E:\Me\IMGVD\Lieux - moments\Seoul\output\DSC00222.jpg

Doublon trouvé: E:\Me\IMGVD\Lieux - moments\Seoul\Sortie\DSC00224.jpg - E:\Me\IMGVD\Lieux - moments\Seoul\output\DSC00224.jpg
Il faut choisir entre les deux fichiers : E:\Me\IMGVD\Lieux - moments\Seoul\Sortie\DSC00224.jpg - E:\Me\IMGVD\Lieux - moments\Seoul\output\DSC00224.jpg

Doublon trouvé: E:\Me\IMGVD\Lieux - moments\Seoul\Sortie\DSC00225.jpg - E:\Me\IMGVD\Lieux - moments\Seoul\output\DSC00225.jpg
Il faut choisir entre les deux fichiers : E:\Me\IMGVD\Lieux - moments\Seoul\Sortie\DSC00225.jpg - E:\Me\IMGVD\Lieux - moments\Seoul\output\DSC00225.jpg

Doublon trouvé: E:\Me\IMGVD\Lieux - moments\Seoul\Sortie\DSC00226.jpg - E:\Me\IMGVD\Lieux - moments\Seoul\output\DSC00226.jpg
Il faut choisir entre les deux fichiers : E:\Me\IMGVD\Lieux - moments\Seoul\Sortie\DSC00226.jpg - E:\Me\IMGVD\Lieux - moments\Seoul\output\DSC00226.jpg

Doublon trouvé: E:\Me\IMGVD\Lieux - moments\Seoul\Sortie\DSC00227.jpg - E:\Me\IMGVD\Lieux - moments\Seoul\output\DSC00227.jpg
Il faut choisir entre les deux fichiers : E:\Me\IMGVD\Lieux - moments\Seoul\Sortie\DSC00227.jpg - E:\Me\IMGVD\Lieux - moments\Seoul\output\DSC00227.jpg

Doublon trouvé: E:\Me\IMGVD\Lieux - moments\Seoul\Sortie\DSC00228.jpg - E:\Me\IMGVD\Lieux - moments\Seoul\output\DSC00228.jpg
Il faut choisir entre les deux fichiers : E:\Me\IMGVD\Lieux - moments\Seoul\Sortie\DSC00228.jpg - E:\Me\IMGVD\Lieux - moments\Seoul\output\DSC00228.jpg

Doublon trouvé: E:\Me\IMGVD\Lieux - moments\Seoul\Sortie\DSC00229.jpg - E:\Me\IMGVD\Lieux - moments\Seoul\output\DSC00229.jpg
Il faut choisir entre les deux fichiers : E:\Me\IMGVD\Lieux - moments\Seoul\Sortie\DSC00229.jpg - E:\Me\IMGVD\Lieux - moments\Seoul\output\DSC00229.jpg

Doublon trouvé: E:\Me\IMGVD\Lieux - moments\Seoul\Sortie\DSC00230.jpg - E:\Me\IMGVD\Lieux - moments\Seoul\output\DSC00230.jpg
Il faut choisir entre les deux fichiers : E:\Me\IMGVD\Lieux - moments\Seoul\Sortie\DSC00230.jpg - E:\Me\IMGVD\Lieux - moments\Seoul\output\DSC00230.jpg

Doublon trouvé: E:\Me\IMGVD\Lieux - moments\Seoul\Sortie\DSC00231.jpg - E:\Me\IMGVD\Lieux - moments\Seoul\output\DSC00231.jpg
Il faut choisir entre les deux fichiers : E:\Me\IMGVD\Lieux - moments\Seoul\Sortie\DSC00231.jpg - E:\Me\IMGVD\Lieux - moments\Seoul\output\DSC00231.jpg

Doublon trouvé: E:\Me\IMGVD\Lieux - moments\Seoul\Sortie\DSC00234.jpg - E:\Me\IMGVD\Lieux - moments\Seoul\output\DSC00234.jpg
Il faut choisir entre les deux fichiers : E:\Me\IMGVD\Lieux - moments\Seoul\Sortie\DSC00234.jpg - E:\Me\IMGVD\Lieux - moments\Seoul\output\DSC00234.jpg

Doublon trouvé: E:\Me\IMGVD\Lieux - moments\Seoul\Sortie\DSC00235.jpg - E:\Me\IMGVD\Lieux - moments\Seoul\output\DSC00235.jpg
Il faut choisir entre les deux fichiers : E:\Me\IMGVD\Lieux - moments\Seoul\Sortie\DSC00235.jpg - E:\Me\IMGVD\Lieux - moments\Seoul\output\DSC00235.jpg

Doublon trouvé: E:\Me\IMGVD\Lieux - moments\Seoul\Sortie\DSC00236.jpg - E:\Me\IMGVD\Lieux - moments\Seoul\output\DSC00236.jpg
Il faut choisir entre les deux fichiers : E:\Me\IMGVD\Lieux - moments\Seoul\Sortie\DSC00236.jpg - E:\Me\IMGVD\Lieux - moments\Seoul\output\DSC00236.jpg

Doublon trouvé: E:\Me\IMGVD\Lieux - moments\Seoul\Sortie\DSC00242.jpg - E:\Me\IMGVD\Lieux - moments\Seoul\output\DSC00242.jpg
Il faut choisir entre les deux fichiers : E:\Me\IMGVD\Lieux - moments\Seoul\Sortie\DSC00242.jpg - E:\Me\IMGVD\Lieux - moments\Seoul\output\DSC00242.jpg

Doublon trouvé: E:\Me\IMGVD\Lieux - moments\Seoul\Sortie\DSC00243.jpg - E:\Me\IMGVD\Lieux - moments\Seoul\output\DSC00243.jpg
Il faut choisir entre les deux fichiers : E:\Me\IMGVD\Lieux - moments\Seoul\Sortie\DSC00243.jpg - E:\Me\IMGVD\Lieux - moments\Seoul\output\DSC00243.jpg

Doublon trouvé: E:\Me\IMGVD\Lieux - moments\Seoul\Sortie\DSC00244.jpg - E:\Me\IMGVD\Lieux - moments\Seoul\output\DSC00244.jpg
Il faut choisir entre les deux fichiers : E:\Me\IMGVD\Lieux - moments\Seoul\Sortie\DSC00244.jpg - E:\Me\IMGVD\Lieux - moments\Seoul\output\DSC00244.jpg

Doublon trouvé: E:\Me\IMGVD\Lieux - moments\Seoul\Sortie\DSC00254.jpg - E:\Me\IMGVD\Lieux - moments\Seoul\output\DSC00254.jpg
Il faut choisir entre les deux fichiers : E:\Me\IMGVD\Lieux - moments\Seoul\Sortie\DSC00254.jpg - E:\Me\IMGVD\Lieux - moments\Seoul\output\DSC00254.jpg

Doublon trouvé: E:\Me\IMGVD\Lieux - moments\Seoul\Sortie\DSC00257.jpg - E:\Me\IMGVD\Lieux - moments\Seoul\output\DSC00257.jpg
Il faut choisir entre les deux fichiers : E:\Me\IMGVD\Lieux - moments\Seoul\Sortie\DSC00257.jpg - E:\Me\IMGVD\Lieux - moments\Seoul\output\DSC00257.jpg

Doublon trouvé: E:\Me\IMGVD\Lieux - moments\Seoul\Sortie\DSC00259.jpg - E:\Me\IMGVD\Lieux - moments\Seoul\output\DSC00259.jpg
Il faut choisir entre les deux fichiers : E:\Me\IMGVD\Lieux - moments\Seoul\Sortie\DSC00259.jpg - E:\Me\IMGVD\Lieux - moments\Seoul\output\DSC00259.jpg

Doublon trouvé: E:\Me\IMGVD\Lieux - moments\Seoul\Sortie\DSC00260.jpg - E:\Me\IMGVD\Lieux - moments\Seoul\output\DSC00260.jpg
Il faut choisir entre les deux fichiers : E:\Me\IMGVD\Lieux - moments\Seoul\Sortie\DSC00260.jpg - E:\Me\IMGVD\Lieux - moments\Seoul\output\DSC00260.jpg

Doublon trouvé: E:\Me\IMGVD\Lieux - moments\Seoul\Sortie\DSC00261.jpg - E:\Me\IMGVD\Lieux - moments\Seoul\output\DSC00261.jpg
Il faut choisir entre les deux fichiers : E:\Me\IMGVD\Lieux - moments\Seoul\Sortie\DSC00261.jpg - E:\Me\IMGVD\Lieux - moments\Seoul\output\DSC00261.jpg

Doublon trouvé: E:\Me\IMGVD\Lieux - moments\Seoul\Sortie\DSC00265.jpg - E:\Me\IMGVD\Lieux - moments\Seoul\output\DSC00265.jpg
Il faut choisir entre les deux fichiers : E:\Me\IMGVD\Lieux - moments\Seoul\Sortie\DSC00265.jpg - E:\Me\IMGVD\Lieux - moments\Seoul\output\DSC00265.jpg

Doublon trouvé: E:\Me\IMGVD\Lieux - moments\Seoul\Sortie\DSC00266.jpg - E:\Me\IMGVD\Lieux - moments\Seoul\output\DSC00266.jpg
Il faut choisir entre les deux fichiers : E:\Me\IMGVD\Lieux - moments\Seoul\Sortie\DSC00266.jpg - E:\Me\IMGVD\Lieux - moments\Seoul\output\DSC00266.jpg

Doublon trouvé: E:\Me\IMGVD\Lieux - moments\Seoul\Sortie\DSC00268.jpg - E:\Me\IMGVD\Lieux - moments\Seoul\output\DSC00268.jpg
Il faut choisir entre les deux fichiers : E:\Me\IMGVD\Lieux - moments\Seoul\Sortie\DSC00268.jpg - E:\Me\IMGVD\Lieux - moments\Seoul\output\DSC00268.jpg

Doublon trouvé: E:\Me\IMGVD\Lieux - moments\Seoul\Sortie\DSC00269.jpg - E:\Me\IMGVD\Lieux - moments\Seoul\output\DSC00269.jpg
Il faut choisir entre les deux fichiers : E:\Me\IMGVD\Lieux - moments\Seoul\Sortie\DSC00269.jpg - E:\Me\IMGVD\Lieux - moments\Seoul\output\DSC00269.jpg

Doublon trouvé: E:\Me\IMGVD\Lieux - moments\Seoul\Sortie\DSC00270.jpg - E:\Me\IMGVD\Lieux - moments\Seoul\output\DSC00270.jpg
Il faut choisir entre les deux fichiers : E:\Me\IMGVD\Lieux - moments\Seoul\Sortie\DSC00270.jpg - E:\Me\IMGVD\Lieux - moments\Seoul\output\DSC00270.jpg

Doublon trouvé: E:\Me\IMGVD\Lieux - moments\Seoul\Sortie\DSC00272.jpg - E:\Me\IMGVD\Lieux - moments\Seoul\output\DSC00272.jpg
Il faut choisir entre les deux fichiers : E:\Me\IMGVD\Lieux - moments\Seoul\Sortie\DSC00272.jpg - E:\Me\IMGVD\Lieux - moments\Seoul\output\DSC00272.jpg

Doublon trouvé: E:\Me\IMGVD\Lieux - moments\Seoul\Sortie\DSC00274.jpg - E:\Me\IMGVD\Lieux - moments\Seoul\output\DSC00274.jpg
Il faut choisir entre les deux fichiers : E:\Me\IMGVD\Lieux - moments\Seoul\Sortie\DSC00274.jpg - E:\Me\IMGVD\Lieux - moments\Seoul\output\DSC00274.jpg

Doublon trouvé: E:\Me\IMGVD\Lieux - moments\Seoul\Sortie\DSC00283.jpg - E:\Me\IMGVD\Lieux - moments\Seoul\output\DSC00283.jpg
Il faut choisir entre les deux fichiers : E:\Me\IMGVD\Lieux - moments\Seoul\Sortie\DSC00283.jpg - E:\Me\IMGVD\Lieux - moments\Seoul\output\DSC00283.jpg

Doublon trouvé: E:\Me\IMGVD\Lieux - moments\Seoul\Sortie\DSC00286.jpg - E:\Me\IMGVD\Lieux - moments\Seoul\output\DSC00286.jpg
Il faut choisir entre les deux fichiers : E:\Me\IMGVD\Lieux - moments\Seoul\Sortie\DSC00286.jpg - E:\Me\IMGVD\Lieux - moments\Seoul\output\DSC00286.jpg

